[ 2013-04-07T21:57:34+08:00 ] 0.0.0.0 /~Civi/Payment/
INFO: [ app_begin ] --START--
INFO: Run ReadHtmlCache Behavior [ RunTime:0.000554s ]
INFO: [ app_begin ] --END-- [ RunTime:0.000652s ]
INFO: [ view_template ] --START--
INFO: Run LocationTemplate Behavior [ RunTime:0.022337s ]
INFO: [ view_template ] --END-- [ RunTime:0.022472s ]
INFO: [ view_parse ] --START--
INFO: Run ParseTemplate Behavior [ RunTime:0.033068s ]
INFO: [ view_parse ] --END-- [ RunTime:0.033139s ]
INFO: [ view_filter ] --START--
INFO: Run ContentReplace Behavior [ RunTime:0.000506s ]
INFO: Run TokenBuild Behavior [ RunTime:0.000410s ]
INFO: Run WriteHtmlCache Behavior [ RunTime:0.000345s ]
INFO: Run ShowRuntime Behavior [ RunTime:0.000473s ]
INFO: [ view_filter ] --END-- [ RunTime:0.001861s ]
INFO: [ view_end ] --START--
INFO: Run ShowPageTrace Behavior [ RunTime:0.000517s ]
INFO: [ view_end ] --END-- [ RunTime:0.000558s ]

[ 2013-04-07T22:30:57+08:00 ] ERR: [4] parse error, expecting `'&'' or `T_VARIABLE' /Users/Civi/Sites/Payment/Lib/Model/UserModel.class.php 第 11 行.
[ 2013-04-07T22:30:57+08:00 ] 0.0.0.0 /~Civi/Payment/
INFO: [ app_begin ] --START--
INFO: Run ReadHtmlCache Behavior [ RunTime:0.000364s ]
INFO: [ app_begin ] --END-- [ RunTime:0.000477s ]
NOTIC: [8] Undefined index: class /Users/Civi/Sites/Payment/ThinkPHP/Common/functions.php 第 39 行.
NOTIC: [8] Undefined index: type /Users/Civi/Sites/Payment/ThinkPHP/Common/functions.php 第 39 行.
NOTIC: [8] Undefined index: file /Users/Civi/Sites/Payment/ThinkPHP/Common/functions.php 第 38 行.
NOTIC: [8] Undefined index: line /Users/Civi/Sites/Payment/ThinkPHP/Common/functions.php 第 38 行.

[ 2013-04-07T22:31:08+08:00 ] ERR: [4] parse error, expecting `'&'' or `T_VARIABLE' /Users/Civi/Sites/Payment/Lib/Model/UserModel.class.php 第 11 行.
[ 2013-04-07T22:31:08+08:00 ] 0.0.0.0 /~Civi/Payment/
INFO: [ app_begin ] --START--
INFO: Run ReadHtmlCache Behavior [ RunTime:0.000198s ]
INFO: [ app_begin ] --END-- [ RunTime:0.000249s ]
NOTIC: [8] Undefined index: class /Users/Civi/Sites/Payment/ThinkPHP/Common/functions.php 第 39 行.
NOTIC: [8] Undefined index: type /Users/Civi/Sites/Payment/ThinkPHP/Common/functions.php 第 39 行.
NOTIC: [8] Undefined index: file /Users/Civi/Sites/Payment/ThinkPHP/Common/functions.php 第 38 行.
NOTIC: [8] Undefined index: line /Users/Civi/Sites/Payment/ThinkPHP/Common/functions.php 第 38 行.

[ 2013-04-07T22:31:09+08:00 ] ERR: [4] parse error, expecting `'&'' or `T_VARIABLE' /Users/Civi/Sites/Payment/Lib/Model/UserModel.class.php 第 11 行.
[ 2013-04-07T22:31:09+08:00 ] 0.0.0.0 /~Civi/Payment/
INFO: [ app_begin ] --START--
INFO: Run ReadHtmlCache Behavior [ RunTime:0.000196s ]
INFO: [ app_begin ] --END-- [ RunTime:0.000241s ]
NOTIC: [8] Undefined index: class /Users/Civi/Sites/Payment/ThinkPHP/Common/functions.php 第 39 行.
NOTIC: [8] Undefined index: type /Users/Civi/Sites/Payment/ThinkPHP/Common/functions.php 第 39 行.
NOTIC: [8] Undefined index: file /Users/Civi/Sites/Payment/ThinkPHP/Common/functions.php 第 38 行.
NOTIC: [8] Undefined index: line /Users/Civi/Sites/Payment/ThinkPHP/Common/functions.php 第 38 行.

[ 2013-04-07T22:31:10+08:00 ] ERR: [4] parse error, expecting `'&'' or `T_VARIABLE' /Users/Civi/Sites/Payment/Lib/Model/UserModel.class.php 第 11 行.
[ 2013-04-07T22:31:10+08:00 ] 0.0.0.0 /~Civi/Payment/
INFO: [ app_begin ] --START--
INFO: Run ReadHtmlCache Behavior [ RunTime:0.000202s ]
INFO: [ app_begin ] --END-- [ RunTime:0.000247s ]
NOTIC: [8] Undefined index: class /Users/Civi/Sites/Payment/ThinkPHP/Common/functions.php 第 39 行.
NOTIC: [8] Undefined index: type /Users/Civi/Sites/Payment/ThinkPHP/Common/functions.php 第 39 行.
NOTIC: [8] Undefined index: file /Users/Civi/Sites/Payment/ThinkPHP/Common/functions.php 第 38 行.
NOTIC: [8] Undefined index: line /Users/Civi/Sites/Payment/ThinkPHP/Common/functions.php 第 38 行.

[ 2013-04-07T22:32:34+08:00 ] 0.0.0.0 /~Civi/Payment/
INFO: [ app_begin ] --START--
INFO: Run ReadHtmlCache Behavior [ RunTime:0.000271s ]
INFO: [ app_begin ] --END-- [ RunTime:0.000357s ]
SQL: SHOW COLUMNS FROM `user` [ RunTime:0.001215s ]
SQL: SELECT * FROM `user`  [ RunTime:0.000133s ]
INFO: [ view_template ] --START--
INFO: Run LocationTemplate Behavior [ RunTime:0.000236s ]
INFO: [ view_template ] --END-- [ RunTime:0.000281s ]
INFO: [ view_parse ] --START--
INFO: Run ParseTemplate Behavior [ RunTime:0.003818s ]
INFO: [ view_parse ] --END-- [ RunTime:0.003882s ]
INFO: [ view_filter ] --START--
INFO: Run ContentReplace Behavior [ RunTime:0.000160s ]
INFO: Run TokenBuild Behavior [ RunTime:0.000163s ]
INFO: Run WriteHtmlCache Behavior [ RunTime:0.000100s ]
INFO: Run ShowRuntime Behavior [ RunTime:0.000209s ]
INFO: [ view_filter ] --END-- [ RunTime:0.000724s ]
INFO: [ view_end ] --START--
INFO: Run ShowPageTrace Behavior [ RunTime:0.000297s ]
INFO: [ view_end ] --END-- [ RunTime:0.000331s ]

[ 2013-04-07T22:33:29+08:00 ] 0.0.0.0 /~Civi/Payment/
INFO: [ app_begin ] --START--
INFO: Run ReadHtmlCache Behavior [ RunTime:0.000198s ]
INFO: [ app_begin ] --END-- [ RunTime:0.000240s ]
SQL: SHOW COLUMNS FROM `user` [ RunTime:0.024945s ]
SQL: SELECT * FROM `user`  [ RunTime:0.000249s ]
INFO: [ view_template ] --START--
INFO: Run LocationTemplate Behavior [ RunTime:0.000260s ]
INFO: [ view_template ] --END-- [ RunTime:0.000313s ]
INFO: [ view_parse ] --START--
INFO: Run ParseTemplate Behavior [ RunTime:0.003977s ]
INFO: [ view_parse ] --END-- [ RunTime:0.004027s ]
INFO: [ view_filter ] --START--
INFO: Run ContentReplace Behavior [ RunTime:0.000166s ]
INFO: Run TokenBuild Behavior [ RunTime:0.000167s ]
INFO: Run WriteHtmlCache Behavior [ RunTime:0.000107s ]
INFO: Run ShowRuntime Behavior [ RunTime:0.000205s ]
INFO: [ view_filter ] --END-- [ RunTime:0.000750s ]
INFO: [ view_end ] --START--
INFO: Run ShowPageTrace Behavior [ RunTime:0.000395s ]
INFO: [ view_end ] --END-- [ RunTime:0.000451s ]

[ 2013-04-07T22:33:36+08:00 ] 0.0.0.0 /~Civi/Payment/
INFO: [ app_begin ] --START--
INFO: Run ReadHtmlCache Behavior [ RunTime:0.000210s ]
INFO: [ app_begin ] --END-- [ RunTime:0.000264s ]
SQL: SHOW COLUMNS FROM `user` [ RunTime:0.008161s ]
SQL: SELECT * FROM `user`  [ RunTime:0.000237s ]
INFO: [ view_template ] --START--
INFO: Run LocationTemplate Behavior [ RunTime:0.000279s ]
INFO: [ view_template ] --END-- [ RunTime:0.000332s ]
INFO: [ view_parse ] --START--
INFO: Run ParseTemplate Behavior [ RunTime:0.004594s ]
INFO: [ view_parse ] --END-- [ RunTime:0.004654s ]
INFO: [ view_filter ] --START--
INFO: Run ContentReplace Behavior [ RunTime:0.000205s ]
INFO: Run TokenBuild Behavior [ RunTime:0.000212s ]
INFO: Run WriteHtmlCache Behavior [ RunTime:0.000139s ]
INFO: Run ShowRuntime Behavior [ RunTime:0.000211s ]
INFO: [ view_filter ] --END-- [ RunTime:0.000903s ]
INFO: [ view_end ] --START--
INFO: Run ShowPageTrace Behavior [ RunTime:0.000274s ]
INFO: [ view_end ] --END-- [ RunTime:0.000307s ]

[ 2013-04-07T22:34:21+08:00 ] 0.0.0.0 /~Civi/Payment/
INFO: [ app_begin ] --START--
INFO: Run ReadHtmlCache Behavior [ RunTime:0.000245s ]
INFO: [ app_begin ] --END-- [ RunTime:0.000306s ]
SQL: SHOW COLUMNS FROM `user` [ RunTime:0.004923s ]
SQL: SELECT * FROM `user`  [ RunTime:0.000271s ]
INFO: [ view_template ] --START--
INFO: Run LocationTemplate Behavior [ RunTime:0.000197s ]
INFO: [ view_template ] --END-- [ RunTime:0.000233s ]
INFO: [ view_parse ] --START--
NOTIC: [8] Undefined offset: 0 /Users/Civi/Sites/Payment/Runtime/Cache/743ac6737cc8755a2b18d65ea45153f8.php 第 13 行.
INFO: Run ParseTemplate Behavior [ RunTime:0.002718s ]
INFO: [ view_parse ] --END-- [ RunTime:0.002752s ]
INFO: [ view_filter ] --START--
INFO: Run ContentReplace Behavior [ RunTime:0.000134s ]
INFO: Run TokenBuild Behavior [ RunTime:0.000152s ]
INFO: Run WriteHtmlCache Behavior [ RunTime:0.000079s ]
INFO: Run ShowRuntime Behavior [ RunTime:0.000161s ]
INFO: [ view_filter ] --END-- [ RunTime:0.000618s ]
INFO: [ view_end ] --START--
INFO: Run ShowPageTrace Behavior [ RunTime:0.000218s ]
INFO: [ view_end ] --END-- [ RunTime:0.000244s ]

[ 2013-04-07T22:34:22+08:00 ] 0.0.0.0 /~Civi/Payment/
INFO: [ app_begin ] --START--
INFO: Run ReadHtmlCache Behavior [ RunTime:0.000314s ]
INFO: [ app_begin ] --END-- [ RunTime:0.000384s ]
SQL: SHOW COLUMNS FROM `user` [ RunTime:0.001647s ]
SQL: SELECT * FROM `user`  [ RunTime:0.000218s ]
INFO: [ view_template ] --START--
INFO: Run LocationTemplate Behavior [ RunTime:0.000171s ]
INFO: [ view_template ] --END-- [ RunTime:0.000206s ]
INFO: [ view_parse ] --START--
NOTIC: [8] Undefined offset: 0 /Users/Civi/Sites/Payment/Runtime/Cache/743ac6737cc8755a2b18d65ea45153f8.php 第 13 行.
INFO: Run ParseTemplate Behavior [ RunTime:0.002608s ]
INFO: [ view_parse ] --END-- [ RunTime:0.002640s ]
INFO: [ view_filter ] --START--
INFO: Run ContentReplace Behavior [ RunTime:0.000125s ]
INFO: Run TokenBuild Behavior [ RunTime:0.000142s ]
INFO: Run WriteHtmlCache Behavior [ RunTime:0.000082s ]
INFO: Run ShowRuntime Behavior [ RunTime:0.000168s ]
INFO: [ view_filter ] --END-- [ RunTime:0.000602s ]
INFO: [ view_end ] --START--
INFO: Run ShowPageTrace Behavior [ RunTime:0.000291s ]
INFO: [ view_end ] --END-- [ RunTime:0.000318s ]

[ 2013-04-07T22:34:26+08:00 ] 0.0.0.0 /~Civi/Payment/
INFO: [ app_begin ] --START--
INFO: Run ReadHtmlCache Behavior [ RunTime:0.000210s ]
INFO: [ app_begin ] --END-- [ RunTime:0.000258s ]
SQL: SHOW COLUMNS FROM `user` [ RunTime:0.000898s ]
SQL: SELECT * FROM `user`  [ RunTime:0.000137s ]
INFO: [ view_template ] --START--
INFO: Run LocationTemplate Behavior [ RunTime:0.000181s ]
INFO: [ view_template ] --END-- [ RunTime:0.000216s ]
INFO: [ view_parse ] --START--
INFO: Run ParseTemplate Behavior [ RunTime:0.002625s ]
INFO: [ view_parse ] --END-- [ RunTime:0.002673s ]
INFO: [ view_filter ] --START--
INFO: Run ContentReplace Behavior [ RunTime:0.000135s ]
INFO: Run TokenBuild Behavior [ RunTime:0.000137s ]
INFO: Run WriteHtmlCache Behavior [ RunTime:0.000086s ]
INFO: Run ShowRuntime Behavior [ RunTime:0.000160s ]
INFO: [ view_filter ] --END-- [ RunTime:0.000600s ]
INFO: [ view_end ] --START--
INFO: Run ShowPageTrace Behavior [ RunTime:0.000239s ]
INFO: [ view_end ] --END-- [ RunTime:0.000266s ]

[ 2013-04-07T22:34:44+08:00 ] 0.0.0.0 /~Civi/Payment/
INFO: [ app_begin ] --START--
INFO: Run ReadHtmlCache Behavior [ RunTime:0.000238s ]
INFO: [ app_begin ] --END-- [ RunTime:0.000302s ]
SQL: SHOW COLUMNS FROM `user` [ RunTime:0.001713s ]
SQL: SELECT * FROM `user`  [ RunTime:0.000119s ]
INFO: [ view_template ] --START--
INFO: Run LocationTemplate Behavior [ RunTime:0.000149s ]
INFO: [ view_template ] --END-- [ RunTime:0.000183s ]
INFO: [ view_parse ] --START--
INFO: Run ParseTemplate Behavior [ RunTime:0.002957s ]
INFO: [ view_parse ] --END-- [ RunTime:0.003004s ]
INFO: [ view_filter ] --START--
INFO: Run ContentReplace Behavior [ RunTime:0.000143s ]
INFO: Run TokenBuild Behavior [ RunTime:0.000169s ]
INFO: Run WriteHtmlCache Behavior [ RunTime:0.000101s ]
INFO: Run ShowRuntime Behavior [ RunTime:0.000175s ]
INFO: [ view_filter ] --END-- [ RunTime:0.000685s ]
INFO: [ view_end ] --START--
INFO: Run ShowPageTrace Behavior [ RunTime:0.000236s ]
INFO: [ view_end ] --END-- [ RunTime:0.000265s ]

[ 2013-04-07T22:34:45+08:00 ] 0.0.0.0 /~Civi/Payment/
INFO: [ app_begin ] --START--
INFO: Run ReadHtmlCache Behavior [ RunTime:0.000355s ]
INFO: [ app_begin ] --END-- [ RunTime:0.000429s ]
SQL: SHOW COLUMNS FROM `user` [ RunTime:0.001766s ]
SQL: SELECT * FROM `user`  [ RunTime:0.000165s ]
INFO: [ view_template ] --START--
INFO: Run LocationTemplate Behavior [ RunTime:0.000179s ]
INFO: [ view_template ] --END-- [ RunTime:0.000213s ]
INFO: [ view_parse ] --START--
INFO: Run ParseTemplate Behavior [ RunTime:0.002610s ]
INFO: [ view_parse ] --END-- [ RunTime:0.002647s ]
INFO: [ view_filter ] --START--
INFO: Run ContentReplace Behavior [ RunTime:0.000128s ]
INFO: Run TokenBuild Behavior [ RunTime:0.000157s ]
INFO: Run WriteHtmlCache Behavior [ RunTime:0.000116s ]
INFO: Run ShowRuntime Behavior [ RunTime:0.000173s ]
INFO: [ view_filter ] --END-- [ RunTime:0.000668s ]
INFO: [ view_end ] --START--
INFO: Run ShowPageTrace Behavior [ RunTime:0.000236s ]
INFO: [ view_end ] --END-- [ RunTime:0.000263s ]

[ 2013-04-07T22:35:20+08:00 ] 0.0.0.0 /~Civi/Payment/
INFO: [ app_begin ] --START--
INFO: Run ReadHtmlCache Behavior [ RunTime:0.000217s ]
INFO: [ app_begin ] --END-- [ RunTime:0.000263s ]
SQL: SHOW COLUMNS FROM `user` [ RunTime:0.000935s ]
SQL: SELECT * FROM `user`  [ RunTime:0.000121s ]
INFO: [ view_template ] --START--
INFO: Run LocationTemplate Behavior [ RunTime:0.000194s ]
INFO: [ view_template ] --END-- [ RunTime:0.000229s ]
INFO: [ view_parse ] --START--
NOTIC: [8] Undefined offset: 1 /Users/Civi/Sites/Payment/Runtime/Cache/743ac6737cc8755a2b18d65ea45153f8.php 第 13 行.
INFO: Run ParseTemplate Behavior [ RunTime:0.002837s ]
INFO: [ view_parse ] --END-- [ RunTime:0.002878s ]
INFO: [ view_filter ] --START--
INFO: Run ContentReplace Behavior [ RunTime:0.000208s ]
INFO: Run TokenBuild Behavior [ RunTime:0.000154s ]
INFO: Run WriteHtmlCache Behavior [ RunTime:0.000088s ]
INFO: Run ShowRuntime Behavior [ RunTime:0.000184s ]
INFO: [ view_filter ] --END-- [ RunTime:0.000740s ]
INFO: [ view_end ] --START--
INFO: Run ShowPageTrace Behavior [ RunTime:0.000248s ]
INFO: [ view_end ] --END-- [ RunTime:0.000278s ]

[ 2013-04-07T22:35:20+08:00 ] 0.0.0.0 /~Civi/Payment/
INFO: [ app_begin ] --START--
INFO: Run ReadHtmlCache Behavior [ RunTime:0.000218s ]
INFO: [ app_begin ] --END-- [ RunTime:0.000268s ]
SQL: SHOW COLUMNS FROM `user` [ RunTime:0.000933s ]
SQL: SELECT * FROM `user`  [ RunTime:0.000159s ]
INFO: [ view_template ] --START--
INFO: Run LocationTemplate Behavior [ RunTime:0.000161s ]
INFO: [ view_template ] --END-- [ RunTime:0.000197s ]
INFO: [ view_parse ] --START--
NOTIC: [8] Undefined offset: 1 /Users/Civi/Sites/Payment/Runtime/Cache/743ac6737cc8755a2b18d65ea45153f8.php 第 13 行.
INFO: Run ParseTemplate Behavior [ RunTime:0.002554s ]
INFO: [ view_parse ] --END-- [ RunTime:0.002584s ]
INFO: [ view_filter ] --START--
INFO: Run ContentReplace Behavior [ RunTime:0.000125s ]
INFO: Run TokenBuild Behavior [ RunTime:0.000134s ]
INFO: Run WriteHtmlCache Behavior [ RunTime:0.000091s ]
INFO: Run ShowRuntime Behavior [ RunTime:0.000186s ]
INFO: [ view_filter ] --END-- [ RunTime:0.000631s ]
INFO: [ view_end ] --START--
INFO: Run ShowPageTrace Behavior [ RunTime:0.000233s ]
INFO: [ view_end ] --END-- [ RunTime:0.000263s ]

[ 2013-04-07T22:35:40+08:00 ] 0.0.0.0 /~Civi/Payment/
INFO: [ app_begin ] --START--
INFO: Run ReadHtmlCache Behavior [ RunTime:0.000198s ]
INFO: [ app_begin ] --END-- [ RunTime:0.000240s ]
SQL: SHOW COLUMNS FROM `user` [ RunTime:0.005348s ]
SQL: SELECT * FROM `user`  [ RunTime:0.000153s ]
INFO: [ view_template ] --START--
INFO: Run LocationTemplate Behavior [ RunTime:0.000210s ]
INFO: [ view_template ] --END-- [ RunTime:0.000245s ]
INFO: [ view_parse ] --START--
NOTIC: [8] Undefined offset: 0 /Users/Civi/Sites/Payment/Runtime/Cache/743ac6737cc8755a2b18d65ea45153f8.php 第 13 行.
INFO: Run ParseTemplate Behavior [ RunTime:0.002674s ]
INFO: [ view_parse ] --END-- [ RunTime:0.002705s ]
INFO: [ view_filter ] --START--
INFO: Run ContentReplace Behavior [ RunTime:0.000131s ]
INFO: Run TokenBuild Behavior [ RunTime:0.000140s ]
INFO: Run WriteHtmlCache Behavior [ RunTime:0.000090s ]
INFO: Run ShowRuntime Behavior [ RunTime:0.000175s ]
INFO: [ view_filter ] --END-- [ RunTime:0.000621s ]
INFO: [ view_end ] --START--
INFO: Run ShowPageTrace Behavior [ RunTime:0.000219s ]
INFO: [ view_end ] --END-- [ RunTime:0.000254s ]

[ 2013-04-07T22:35:41+08:00 ] 0.0.0.0 /~Civi/Payment/
INFO: [ app_begin ] --START--
INFO: Run ReadHtmlCache Behavior [ RunTime:0.000227s ]
INFO: [ app_begin ] --END-- [ RunTime:0.000278s ]
SQL: SHOW COLUMNS FROM `user` [ RunTime:0.001125s ]
SQL: SELECT * FROM `user`  [ RunTime:0.000149s ]
INFO: [ view_template ] --START--
INFO: Run LocationTemplate Behavior [ RunTime:0.000154s ]
INFO: [ view_template ] --END-- [ RunTime:0.000189s ]
INFO: [ view_parse ] --START--
NOTIC: [8] Undefined offset: 0 /Users/Civi/Sites/Payment/Runtime/Cache/743ac6737cc8755a2b18d65ea45153f8.php 第 13 行.
INFO: Run ParseTemplate Behavior [ RunTime:0.002637s ]
INFO: [ view_parse ] --END-- [ RunTime:0.002668s ]
INFO: [ view_filter ] --START--
INFO: Run ContentReplace Behavior [ RunTime:0.000128s ]
INFO: Run TokenBuild Behavior [ RunTime:0.000142s ]
INFO: Run WriteHtmlCache Behavior [ RunTime:0.000082s ]
INFO: Run ShowRuntime Behavior [ RunTime:0.000163s ]
INFO: [ view_filter ] --END-- [ RunTime:0.000596s ]
INFO: [ view_end ] --START--
INFO: Run ShowPageTrace Behavior [ RunTime:0.000214s ]
INFO: [ view_end ] --END-- [ RunTime:0.000245s ]

