[ 2013-05-05T22:04:39+08:00 ] 127.0.0.1 /~Civi/Payment/
INFO: [ app_begin ] --START--
INFO: Run ReadHtmlCache Behavior [ RunTime:0.000518s ]
INFO: [ app_begin ] --END-- [ RunTime:0.000581s ]
SQL: SHOW COLUMNS FROM `user` [ RunTime:0.001254s ]
SQL: SELECT * FROM `user`  [ RunTime:0.000142s ]
INFO: [ view_template ] --START--
INFO: Run LocationTemplate Behavior [ RunTime:0.013143s ]
INFO: [ view_template ] --END-- [ RunTime:0.013225s ]
INFO: [ view_parse ] --START--
INFO: Run ParseTemplate Behavior [ RunTime:0.040014s ]
INFO: [ view_parse ] --END-- [ RunTime:0.040083s ]
INFO: [ view_filter ] --START--
INFO: Run ContentReplace Behavior [ RunTime:0.000521s ]
INFO: Run TokenBuild Behavior [ RunTime:0.000623s ]
INFO: Run WriteHtmlCache Behavior [ RunTime:0.000479s ]
INFO: Run ShowRuntime Behavior [ RunTime:0.000658s ]
INFO: [ view_filter ] --END-- [ RunTime:0.002508s ]
INFO: [ view_end ] --START--
INFO: Run ShowPageTrace Behavior [ RunTime:0.000771s ]
INFO: [ view_end ] --END-- [ RunTime:0.000838s ]

[ 2013-05-05T22:05:31+08:00 ] 127.0.0.1 /~Civi/Payment/
INFO: [ app_begin ] --START--
INFO: Run ReadHtmlCache Behavior [ RunTime:0.000279s ]
INFO: [ app_begin ] --END-- [ RunTime:0.000362s ]
SQL: SHOW COLUMNS FROM `user` [ RunTime:0.001860s ]
SQL: SELECT * FROM `user`  [ RunTime:0.000182s ]
INFO: [ view_template ] --START--
INFO: Run LocationTemplate Behavior [ RunTime:0.000214s ]
INFO: [ view_template ] --END-- [ RunTime:0.000254s ]
INFO: [ view_parse ] --START--
INFO: Run ParseTemplate Behavior [ RunTime:0.003318s ]
INFO: [ view_parse ] --END-- [ RunTime:0.003385s ]
INFO: [ view_filter ] --START--
INFO: Run ContentReplace Behavior [ RunTime:0.000178s ]
INFO: Run TokenBuild Behavior [ RunTime:0.000155s ]
INFO: Run WriteHtmlCache Behavior [ RunTime:0.000086s ]
INFO: Run ShowRuntime Behavior [ RunTime:0.000210s ]
INFO: [ view_filter ] --END-- [ RunTime:0.000721s ]
INFO: [ view_end ] --START--
INFO: Run ShowPageTrace Behavior [ RunTime:0.000245s ]
INFO: [ view_end ] --END-- [ RunTime:0.000276s ]

[ 2013-05-05T22:06:20+08:00 ] 127.0.0.1 /~Civi/Payment/
INFO: [ app_begin ] --START--
INFO: Run ReadHtmlCache Behavior [ RunTime:0.000228s ]
INFO: [ app_begin ] --END-- [ RunTime:0.000275s ]
SQL: SHOW COLUMNS FROM `user` [ RunTime:0.011567s ]
SQL: SELECT * FROM `user`  [ RunTime:0.000158s ]
INFO: [ view_template ] --START--
INFO: Run LocationTemplate Behavior [ RunTime:0.000227s ]
INFO: [ view_template ] --END-- [ RunTime:0.000277s ]
INFO: [ view_parse ] --START--
INFO: Run ParseTemplate Behavior [ RunTime:0.002879s ]
INFO: [ view_parse ] --END-- [ RunTime:0.002919s ]
INFO: [ view_filter ] --START--
INFO: Run ContentReplace Behavior [ RunTime:0.000145s ]
INFO: Run TokenBuild Behavior [ RunTime:0.000139s ]
INFO: Run WriteHtmlCache Behavior [ RunTime:0.000092s ]
INFO: Run ShowRuntime Behavior [ RunTime:0.000173s ]
INFO: [ view_filter ] --END-- [ RunTime:0.000636s ]
INFO: [ view_end ] --START--
INFO: Run ShowPageTrace Behavior [ RunTime:0.000284s ]
INFO: [ view_end ] --END-- [ RunTime:0.000319s ]

[ 2013-05-05T22:13:16+08:00 ] 127.0.0.1 /~Civi/Payment/
INFO: [ app_begin ] --START--
INFO: Run ReadHtmlCache Behavior [ RunTime:0.000223s ]
INFO: [ app_begin ] --END-- [ RunTime:0.000274s ]
SQL: SHOW COLUMNS FROM `user` [ RunTime:0.023466s ]
SQL: SELECT * FROM `user`  [ RunTime:0.000136s ]
INFO: [ view_template ] --START--
INFO: Run LocationTemplate Behavior [ RunTime:0.000192s ]
INFO: [ view_template ] --END-- [ RunTime:0.000228s ]
INFO: [ view_parse ] --START--
INFO: Run ParseTemplate Behavior [ RunTime:0.002723s ]
INFO: [ view_parse ] --END-- [ RunTime:0.002760s ]
INFO: [ view_filter ] --START--
INFO: Run ContentReplace Behavior [ RunTime:0.000132s ]
INFO: Run TokenBuild Behavior [ RunTime:0.000143s ]
INFO: Run WriteHtmlCache Behavior [ RunTime:0.000090s ]
INFO: Run ShowRuntime Behavior [ RunTime:0.000181s ]
INFO: [ view_filter ] --END-- [ RunTime:0.000633s ]
INFO: [ view_end ] --START--
INFO: Run ShowPageTrace Behavior [ RunTime:0.000217s ]
INFO: [ view_end ] --END-- [ RunTime:0.000244s ]

[ 2013-05-05T22:13:19+08:00 ] ERR: (ThinkException) 非法操作:register
[ 2013-05-05T22:13:19+08:00 ] 127.0.0.1 /~Civi/Payment/index.php/Index/register
INFO: [ route_check ] --START--
INFO: Run CheckRoute Behavior [ RunTime:0.033085s ]
INFO: [ route_check ] --END-- [ RunTime:0.033200s ]
INFO: [ app_begin ] --START--
INFO: Run ReadHtmlCache Behavior [ RunTime:0.000383s ]
INFO: [ app_begin ] --END-- [ RunTime:0.000448s ]
NOTIC: [8] Undefined index: class /Users/Civi/Sites/Payment/ThinkPHP/Lib/Core/ThinkException.class.php 第 63 行.
NOTIC: [8] Undefined index: type /Users/Civi/Sites/Payment/ThinkPHP/Lib/Core/ThinkException.class.php 第 63 行.
NOTIC: [8] Undefined index: file /Users/Civi/Sites/Payment/ThinkPHP/Lib/Core/ThinkException.class.php 第 62 行.
NOTIC: [8] Undefined index: line /Users/Civi/Sites/Payment/ThinkPHP/Lib/Core/ThinkException.class.php 第 62 行.
NOTIC: [4096] Object of class IndexAction could not be converted to string /Users/Civi/Sites/Payment/ThinkPHP/Lib/Core/ThinkException.class.php 第 64 行.
NOTIC: [8] Array to string conversion /Users/Civi/Sites/Payment/ThinkPHP/Lib/Core/ThinkException.class.php 第 64 行.
NOTIC: [8] Undefined index: class /Users/Civi/Sites/Payment/ThinkPHP/Lib/Core/ThinkException.class.php 第 63 行.
NOTIC: [8] Undefined index: type /Users/Civi/Sites/Payment/ThinkPHP/Lib/Core/ThinkException.class.php 第 63 行.
NOTIC: [8] Undefined index: class /Users/Civi/Sites/Payment/ThinkPHP/Lib/Core/ThinkException.class.php 第 63 行.
NOTIC: [8] Undefined index: type /Users/Civi/Sites/Payment/ThinkPHP/Lib/Core/ThinkException.class.php 第 63 行.

