[ 2013-06-10T11:22:49+08:00 ] 0.0.0.0 /SE-Payment/index.php/Purchase/index
INFO: [ route_check ] --START--
INFO: Run CheckRoute Behavior [ RunTime:0.005726s ]
INFO: [ route_check ] --END-- [ RunTime:0.006016s ]
INFO: [ app_begin ] --START--
INFO: Run ReadHtmlCache Behavior [ RunTime:0.004723s ]
INFO: [ app_begin ] --END-- [ RunTime:0.004878s ]
INFO: [ view_template ] --START--
INFO: Run LocationTemplate Behavior [ RunTime:0.004065s ]
INFO: [ view_template ] --END-- [ RunTime:0.004220s ]
INFO: [ view_parse ] --START--
INFO: Run ParseTemplate Behavior [ RunTime:0.074279s ]
INFO: [ view_parse ] --END-- [ RunTime:0.074416s ]
INFO: [ view_filter ] --START--
INFO: Run ContentReplace Behavior [ RunTime:0.003940s ]
INFO: Run TokenBuild Behavior [ RunTime:0.003886s ]
INFO: Run WriteHtmlCache Behavior [ RunTime:0.004011s ]
INFO: Run ShowRuntime Behavior [ RunTime:0.004303s ]
INFO: [ view_filter ] --END-- [ RunTime:0.016503s ]
INFO: [ view_end ] --START--
INFO: Run ShowPageTrace Behavior [ RunTime:0.004705s ]
INFO: [ view_end ] --END-- [ RunTime:0.004836s ]

