[ 2013-04-03T18:43:59+08:00 ] 0.0.0.0 /~Civi/Payment/
INFO: [ app_begin ] --START--
INFO: Run ReadHtmlCache Behavior [ RunTime:0.000553s ]
INFO: [ app_begin ] --END-- [ RunTime:0.000667s ]
INFO: [ view_template ] --START--
INFO: Run LocationTemplate Behavior [ RunTime:0.014397s ]
INFO: [ view_template ] --END-- [ RunTime:0.014563s ]
INFO: [ view_parse ] --START--
INFO: Run ParseTemplate Behavior [ RunTime:0.032911s ]
INFO: [ view_parse ] --END-- [ RunTime:0.032979s ]
INFO: [ view_filter ] --START--
INFO: Run ContentReplace Behavior [ RunTime:0.000494s ]
INFO: Run TokenBuild Behavior [ RunTime:0.000405s ]
INFO: Run WriteHtmlCache Behavior [ RunTime:0.000354s ]
INFO: Run ShowRuntime Behavior [ RunTime:0.000433s ]
INFO: [ view_filter ] --END-- [ RunTime:0.001796s ]
INFO: [ view_end ] --START--
INFO: Run ShowPageTrace Behavior [ RunTime:0.000545s ]
INFO: [ view_end ] --END-- [ RunTime:0.000581s ]

[ 2013-04-03T18:53:59+08:00 ] 0.0.0.0 /~Civi/Payment/
INFO: [ app_begin ] --START--
INFO: Run ReadHtmlCache Behavior [ RunTime:0.000404s ]
INFO: [ app_begin ] --END-- [ RunTime:0.000534s ]
INFO: [ view_template ] --START--
INFO: Run LocationTemplate Behavior [ RunTime:0.000223s ]
INFO: [ view_template ] --END-- [ RunTime:0.000286s ]
INFO: [ view_parse ] --START--
INFO: Run ParseTemplate Behavior [ RunTime:0.003315s ]
INFO: [ view_parse ] --END-- [ RunTime:0.003371s ]
INFO: [ view_filter ] --START--
INFO: Run ContentReplace Behavior [ RunTime:0.000174s ]
INFO: Run TokenBuild Behavior [ RunTime:0.000146s ]
INFO: Run WriteHtmlCache Behavior [ RunTime:0.000096s ]
INFO: Run ShowRuntime Behavior [ RunTime:0.000193s ]
INFO: [ view_filter ] --END-- [ RunTime:0.000709s ]
INFO: [ view_end ] --START--
INFO: Run ShowPageTrace Behavior [ RunTime:0.000261s ]
INFO: [ view_end ] --END-- [ RunTime:0.000293s ]

[ 2013-04-03T19:59:11+08:00 ] 0.0.0.0 /~Civi/Payment/
INFO: [ app_begin ] --START--
INFO: Run ReadHtmlCache Behavior [ RunTime:0.000272s ]
INFO: [ app_begin ] --END-- [ RunTime:0.000366s ]
INFO: [ view_template ] --START--
INFO: Run LocationTemplate Behavior [ RunTime:0.000130s ]
INFO: [ view_template ] --END-- [ RunTime:0.000166s ]
INFO: [ view_parse ] --START--
INFO: Run ParseTemplate Behavior [ RunTime:0.003243s ]
INFO: [ view_parse ] --END-- [ RunTime:0.003300s ]
INFO: [ view_filter ] --START--
INFO: Run ContentReplace Behavior [ RunTime:0.000174s ]
INFO: Run TokenBuild Behavior [ RunTime:0.000139s ]
INFO: Run WriteHtmlCache Behavior [ RunTime:0.000089s ]
INFO: Run ShowRuntime Behavior [ RunTime:0.000182s ]
INFO: [ view_filter ] --END-- [ RunTime:0.000676s ]
INFO: [ view_end ] --START--
INFO: Run ShowPageTrace Behavior [ RunTime:0.000244s ]
INFO: [ view_end ] --END-- [ RunTime:0.000275s ]

[ 2013-04-03T19:59:11+08:00 ] 0.0.0.0 /~Civi/Payment/
INFO: [ app_begin ] --START--
INFO: Run ReadHtmlCache Behavior [ RunTime:0.000273s ]
INFO: [ app_begin ] --END-- [ RunTime:0.000326s ]
INFO: [ view_template ] --START--
INFO: Run LocationTemplate Behavior [ RunTime:0.000125s ]
INFO: [ view_template ] --END-- [ RunTime:0.000161s ]
INFO: [ view_parse ] --START--
INFO: Run ParseTemplate Behavior [ RunTime:0.003277s ]
INFO: [ view_parse ] --END-- [ RunTime:0.003331s ]
INFO: [ view_filter ] --START--
INFO: Run ContentReplace Behavior [ RunTime:0.000151s ]
INFO: Run TokenBuild Behavior [ RunTime:0.000211s ]
INFO: Run WriteHtmlCache Behavior [ RunTime:0.000129s ]
INFO: Run ShowRuntime Behavior [ RunTime:0.000326s ]
INFO: [ view_filter ] --END-- [ RunTime:0.000955s ]
INFO: [ view_end ] --START--
INFO: Run ShowPageTrace Behavior [ RunTime:0.000366s ]
INFO: [ view_end ] --END-- [ RunTime:0.000408s ]

[ 2013-04-03T19:59:26+08:00 ] 0.0.0.0 /~Civi/Payment/
INFO: [ app_begin ] --START--
INFO: Run ReadHtmlCache Behavior [ RunTime:0.000261s ]
INFO: [ app_begin ] --END-- [ RunTime:0.000349s ]
INFO: [ view_template ] --START--
INFO: Run LocationTemplate Behavior [ RunTime:0.000169s ]
INFO: [ view_template ] --END-- [ RunTime:0.000216s ]
INFO: [ view_parse ] --START--
INFO: Run ParseTemplate Behavior [ RunTime:0.004354s ]
INFO: [ view_parse ] --END-- [ RunTime:0.004435s ]
INFO: [ view_filter ] --START--
INFO: Run ContentReplace Behavior [ RunTime:0.000255s ]
INFO: Run TokenBuild Behavior [ RunTime:0.000224s ]
INFO: Run WriteHtmlCache Behavior [ RunTime:0.000143s ]
INFO: Run ShowRuntime Behavior [ RunTime:0.000327s ]
INFO: [ view_filter ] --END-- [ RunTime:0.001110s ]
INFO: [ view_end ] --START--
INFO: Run ShowPageTrace Behavior [ RunTime:0.000420s ]
INFO: [ view_end ] --END-- [ RunTime:0.000479s ]

[ 2013-04-03T19:59:27+08:00 ] 0.0.0.0 /~Civi/Payment/
INFO: [ app_begin ] --START--
INFO: Run ReadHtmlCache Behavior [ RunTime:0.000224s ]
INFO: [ app_begin ] --END-- [ RunTime:0.000284s ]
INFO: [ view_template ] --START--
INFO: Run LocationTemplate Behavior [ RunTime:0.000238s ]
INFO: [ view_template ] --END-- [ RunTime:0.000284s ]
INFO: [ view_parse ] --START--
INFO: Run ParseTemplate Behavior [ RunTime:0.003096s ]
INFO: [ view_parse ] --END-- [ RunTime:0.003148s ]
INFO: [ view_filter ] --START--
INFO: Run ContentReplace Behavior [ RunTime:0.000152s ]
INFO: Run TokenBuild Behavior [ RunTime:0.000138s ]
INFO: Run WriteHtmlCache Behavior [ RunTime:0.000098s ]
INFO: Run ShowRuntime Behavior [ RunTime:0.000189s ]
INFO: [ view_filter ] --END-- [ RunTime:0.000669s ]
INFO: [ view_end ] --START--
INFO: Run ShowPageTrace Behavior [ RunTime:0.000238s ]
INFO: [ view_end ] --END-- [ RunTime:0.000269s ]

[ 2013-04-03T19:59:27+08:00 ] 0.0.0.0 /~Civi/Payment/
INFO: [ app_begin ] --START--
INFO: Run ReadHtmlCache Behavior [ RunTime:0.000326s ]
INFO: [ app_begin ] --END-- [ RunTime:0.000400s ]
INFO: [ view_template ] --START--
INFO: Run LocationTemplate Behavior [ RunTime:0.000189s ]
INFO: [ view_template ] --END-- [ RunTime:0.000247s ]
INFO: [ view_parse ] --START--
INFO: Run ParseTemplate Behavior [ RunTime:0.004103s ]
INFO: [ view_parse ] --END-- [ RunTime:0.004182s ]
INFO: [ view_filter ] --START--
INFO: Run ContentReplace Behavior [ RunTime:0.000229s ]
INFO: Run TokenBuild Behavior [ RunTime:0.000204s ]
INFO: Run WriteHtmlCache Behavior [ RunTime:0.000121s ]
INFO: Run ShowRuntime Behavior [ RunTime:0.000280s ]
INFO: [ view_filter ] --END-- [ RunTime:0.000984s ]
INFO: [ view_end ] --START--
INFO: Run ShowPageTrace Behavior [ RunTime:0.000376s ]
INFO: [ view_end ] --END-- [ RunTime:0.000427s ]

[ 2013-04-03T19:59:35+08:00 ] 0.0.0.0 /~Civi/Payment/
INFO: [ app_begin ] --START--
INFO: Run ReadHtmlCache Behavior [ RunTime:0.000396s ]
INFO: [ app_begin ] --END-- [ RunTime:0.000523s ]
INFO: [ view_template ] --START--
INFO: Run LocationTemplate Behavior [ RunTime:0.000205s ]
INFO: [ view_template ] --END-- [ RunTime:0.000266s ]
INFO: [ view_parse ] --START--
INFO: Run ParseTemplate Behavior [ RunTime:0.005688s ]
INFO: [ view_parse ] --END-- [ RunTime:0.005767s ]
INFO: [ view_filter ] --START--
INFO: Run ContentReplace Behavior [ RunTime:0.000265s ]
INFO: Run TokenBuild Behavior [ RunTime:0.000218s ]
INFO: Run WriteHtmlCache Behavior [ RunTime:0.000100s ]
INFO: Run ShowRuntime Behavior [ RunTime:0.000246s ]
INFO: [ view_filter ] --END-- [ RunTime:0.000961s ]
INFO: [ view_end ] --START--
INFO: Run ShowPageTrace Behavior [ RunTime:0.000250s ]
INFO: [ view_end ] --END-- [ RunTime:0.000284s ]

[ 2013-04-03T19:59:36+08:00 ] 0.0.0.0 /~Civi/Payment/
INFO: [ app_begin ] --START--
INFO: Run ReadHtmlCache Behavior [ RunTime:0.000219s ]
INFO: [ app_begin ] --END-- [ RunTime:0.000280s ]
INFO: [ view_template ] --START--
INFO: Run LocationTemplate Behavior [ RunTime:0.000123s ]
INFO: [ view_template ] --END-- [ RunTime:0.000159s ]
INFO: [ view_parse ] --START--
INFO: Run ParseTemplate Behavior [ RunTime:0.002937s ]
INFO: [ view_parse ] --END-- [ RunTime:0.002987s ]
INFO: [ view_filter ] --START--
INFO: Run ContentReplace Behavior [ RunTime:0.000142s ]
INFO: Run TokenBuild Behavior [ RunTime:0.000134s ]
INFO: Run WriteHtmlCache Behavior [ RunTime:0.000103s ]
INFO: Run ShowRuntime Behavior [ RunTime:0.000189s ]
INFO: [ view_filter ] --END-- [ RunTime:0.000665s ]
INFO: [ view_end ] --START--
INFO: Run ShowPageTrace Behavior [ RunTime:0.000319s ]
INFO: [ view_end ] --END-- [ RunTime:0.000364s ]

[ 2013-04-03T20:00:24+08:00 ] 0.0.0.0 /~Civi/Payment/
INFO: [ app_begin ] --START--
INFO: Run ReadHtmlCache Behavior [ RunTime:0.000331s ]
INFO: [ app_begin ] --END-- [ RunTime:0.000426s ]
INFO: [ view_template ] --START--
INFO: Run LocationTemplate Behavior [ RunTime:0.000230s ]
INFO: [ view_template ] --END-- [ RunTime:0.000292s ]
INFO: [ view_parse ] --START--
INFO: Run ParseTemplate Behavior [ RunTime:0.005340s ]
INFO: [ view_parse ] --END-- [ RunTime:0.005422s ]
INFO: [ view_filter ] --START--
INFO: Run ContentReplace Behavior [ RunTime:0.000250s ]
INFO: Run TokenBuild Behavior [ RunTime:0.000241s ]
INFO: Run WriteHtmlCache Behavior [ RunTime:0.000130s ]
INFO: Run ShowRuntime Behavior [ RunTime:0.000317s ]
INFO: [ view_filter ] --END-- [ RunTime:0.001103s ]
INFO: [ view_end ] --START--
INFO: Run ShowPageTrace Behavior [ RunTime:0.000394s ]
INFO: [ view_end ] --END-- [ RunTime:0.000457s ]

[ 2013-04-03T20:00:34+08:00 ] 0.0.0.0 /~Civi/Payment/
INFO: [ app_begin ] --START--
INFO: Run ReadHtmlCache Behavior [ RunTime:0.000262s ]
INFO: [ app_begin ] --END-- [ RunTime:0.000350s ]
INFO: [ view_template ] --START--
INFO: Run LocationTemplate Behavior [ RunTime:0.000135s ]
INFO: [ view_template ] --END-- [ RunTime:0.000173s ]
INFO: [ view_parse ] --START--
INFO: Run ParseTemplate Behavior [ RunTime:0.003992s ]
INFO: [ view_parse ] --END-- [ RunTime:0.004046s ]
INFO: [ view_filter ] --START--
INFO: Run ContentReplace Behavior [ RunTime:0.000162s ]
INFO: Run TokenBuild Behavior [ RunTime:0.000144s ]
INFO: Run WriteHtmlCache Behavior [ RunTime:0.000092s ]
INFO: Run ShowRuntime Behavior [ RunTime:0.000196s ]
INFO: [ view_filter ] --END-- [ RunTime:0.000694s ]
INFO: [ view_end ] --START--
INFO: Run ShowPageTrace Behavior [ RunTime:0.000245s ]
INFO: [ view_end ] --END-- [ RunTime:0.000277s ]

[ 2013-04-03T20:00:35+08:00 ] 0.0.0.0 /~Civi/Payment/
INFO: [ app_begin ] --START--
INFO: Run ReadHtmlCache Behavior [ RunTime:0.000255s ]
INFO: [ app_begin ] --END-- [ RunTime:0.000315s ]
INFO: [ view_template ] --START--
INFO: Run LocationTemplate Behavior [ RunTime:0.000131s ]
INFO: [ view_template ] --END-- [ RunTime:0.000166s ]
INFO: [ view_parse ] --START--
INFO: Run ParseTemplate Behavior [ RunTime:0.003572s ]
INFO: [ view_parse ] --END-- [ RunTime:0.003637s ]
INFO: [ view_filter ] --START--
INFO: Run ContentReplace Behavior [ RunTime:0.000216s ]
INFO: Run TokenBuild Behavior [ RunTime:0.000242s ]
INFO: Run WriteHtmlCache Behavior [ RunTime:0.000108s ]
INFO: Run ShowRuntime Behavior [ RunTime:0.000214s ]
INFO: [ view_filter ] --END-- [ RunTime:0.000900s ]
INFO: [ view_end ] --START--
INFO: Run ShowPageTrace Behavior [ RunTime:0.000282s ]
INFO: [ view_end ] --END-- [ RunTime:0.000340s ]

[ 2013-04-03T20:02:51+08:00 ] 0.0.0.0 /~Civi/Payment/
INFO: [ app_begin ] --START--
INFO: Run ReadHtmlCache Behavior [ RunTime:0.000310s ]
INFO: [ app_begin ] --END-- [ RunTime:0.000386s ]
INFO: [ view_template ] --START--
INFO: Run LocationTemplate Behavior [ RunTime:0.000140s ]
INFO: [ view_template ] --END-- [ RunTime:0.000179s ]
INFO: [ view_parse ] --START--
INFO: Run ParseTemplate Behavior [ RunTime:0.003871s ]
INFO: [ view_parse ] --END-- [ RunTime:0.004001s ]
INFO: [ view_filter ] --START--
INFO: Run ContentReplace Behavior [ RunTime:0.000161s ]
INFO: Run TokenBuild Behavior [ RunTime:0.000141s ]
INFO: Run WriteHtmlCache Behavior [ RunTime:0.000092s ]
INFO: Run ShowRuntime Behavior [ RunTime:0.000191s ]
INFO: [ view_filter ] --END-- [ RunTime:0.000692s ]
INFO: [ view_end ] --START--
INFO: Run ShowPageTrace Behavior [ RunTime:0.000226s ]
INFO: [ view_end ] --END-- [ RunTime:0.000255s ]

[ 2013-04-03T20:02:52+08:00 ] 0.0.0.0 /~Civi/Payment/
INFO: [ app_begin ] --START--
INFO: Run ReadHtmlCache Behavior [ RunTime:0.000246s ]
INFO: [ app_begin ] --END-- [ RunTime:0.000320s ]
INFO: [ view_template ] --START--
INFO: Run LocationTemplate Behavior [ RunTime:0.000195s ]
INFO: [ view_template ] --END-- [ RunTime:0.000254s ]
INFO: [ view_parse ] --START--
INFO: Run ParseTemplate Behavior [ RunTime:0.004840s ]
INFO: [ view_parse ] --END-- [ RunTime:0.004917s ]
INFO: [ view_filter ] --START--
INFO: Run ContentReplace Behavior [ RunTime:0.000243s ]
INFO: Run TokenBuild Behavior [ RunTime:0.000293s ]
INFO: Run WriteHtmlCache Behavior [ RunTime:0.000141s ]
INFO: Run ShowRuntime Behavior [ RunTime:0.000287s ]
INFO: [ view_filter ] --END-- [ RunTime:0.001120s ]
INFO: [ view_end ] --START--
INFO: Run ShowPageTrace Behavior [ RunTime:0.000381s ]
INFO: [ view_end ] --END-- [ RunTime:0.000435s ]

[ 2013-04-03T20:04:42+08:00 ] 0.0.0.0 /~Civi/Payment/
INFO: [ app_begin ] --START--
INFO: Run ReadHtmlCache Behavior [ RunTime:0.000203s ]
INFO: [ app_begin ] --END-- [ RunTime:0.000245s ]
INFO: [ view_template ] --START--
INFO: Run LocationTemplate Behavior [ RunTime:0.000141s ]
INFO: [ view_template ] --END-- [ RunTime:0.000176s ]
INFO: [ view_parse ] --START--
INFO: Run ParseTemplate Behavior [ RunTime:0.002999s ]
INFO: [ view_parse ] --END-- [ RunTime:0.003046s ]
INFO: [ view_filter ] --START--
INFO: Run ContentReplace Behavior [ RunTime:0.000149s ]
INFO: Run TokenBuild Behavior [ RunTime:0.000142s ]
INFO: Run WriteHtmlCache Behavior [ RunTime:0.000085s ]
INFO: Run ShowRuntime Behavior [ RunTime:0.000185s ]
INFO: [ view_filter ] --END-- [ RunTime:0.000658s ]
INFO: [ view_end ] --START--
INFO: Run ShowPageTrace Behavior [ RunTime:0.000264s ]
INFO: [ view_end ] --END-- [ RunTime:0.000296s ]

[ 2013-04-03T20:04:43+08:00 ] 0.0.0.0 /~Civi/Payment/
INFO: [ app_begin ] --START--
INFO: Run ReadHtmlCache Behavior [ RunTime:0.000202s ]
INFO: [ app_begin ] --END-- [ RunTime:0.000248s ]
INFO: [ view_template ] --START--
INFO: Run LocationTemplate Behavior [ RunTime:0.000114s ]
INFO: [ view_template ] --END-- [ RunTime:0.000147s ]
INFO: [ view_parse ] --START--
INFO: Run ParseTemplate Behavior [ RunTime:0.002651s ]
INFO: [ view_parse ] --END-- [ RunTime:0.002685s ]
INFO: [ view_filter ] --START--
INFO: Run ContentReplace Behavior [ RunTime:0.000163s ]
INFO: Run TokenBuild Behavior [ RunTime:0.000147s ]
INFO: Run WriteHtmlCache Behavior [ RunTime:0.000078s ]
INFO: Run ShowRuntime Behavior [ RunTime:0.000161s ]
INFO: [ view_filter ] --END-- [ RunTime:0.000644s ]
INFO: [ view_end ] --START--
INFO: Run ShowPageTrace Behavior [ RunTime:0.000216s ]
INFO: [ view_end ] --END-- [ RunTime:0.000245s ]

[ 2013-04-03T20:05:39+08:00 ] 0.0.0.0 /~Civi/Payment/
INFO: [ app_begin ] --START--
INFO: Run ReadHtmlCache Behavior [ RunTime:0.000215s ]
INFO: [ app_begin ] --END-- [ RunTime:0.000265s ]
INFO: [ view_template ] --START--
INFO: Run LocationTemplate Behavior [ RunTime:0.000121s ]
INFO: [ view_template ] --END-- [ RunTime:0.000156s ]
INFO: [ view_parse ] --START--
INFO: Run ParseTemplate Behavior [ RunTime:0.002886s ]
INFO: [ view_parse ] --END-- [ RunTime:0.002931s ]
INFO: [ view_filter ] --START--
INFO: Run ContentReplace Behavior [ RunTime:0.000146s ]
INFO: Run TokenBuild Behavior [ RunTime:0.000154s ]
INFO: Run WriteHtmlCache Behavior [ RunTime:0.000088s ]
INFO: Run ShowRuntime Behavior [ RunTime:0.000195s ]
INFO: [ view_filter ] --END-- [ RunTime:0.000672s ]
INFO: [ view_end ] --START--
INFO: Run ShowPageTrace Behavior [ RunTime:0.000234s ]
INFO: [ view_end ] --END-- [ RunTime:0.000265s ]

[ 2013-04-03T20:05:40+08:00 ] 0.0.0.0 /~Civi/Payment/
INFO: [ app_begin ] --START--
INFO: Run ReadHtmlCache Behavior [ RunTime:0.000331s ]
INFO: [ app_begin ] --END-- [ RunTime:0.000404s ]
INFO: [ view_template ] --START--
INFO: Run LocationTemplate Behavior [ RunTime:0.000194s ]
INFO: [ view_template ] --END-- [ RunTime:0.000249s ]
INFO: [ view_parse ] --START--
INFO: Run ParseTemplate Behavior [ RunTime:0.004254s ]
INFO: [ view_parse ] --END-- [ RunTime:0.004324s ]
INFO: [ view_filter ] --START--
INFO: Run ContentReplace Behavior [ RunTime:0.000208s ]
INFO: Run TokenBuild Behavior [ RunTime:0.000204s ]
INFO: Run WriteHtmlCache Behavior [ RunTime:0.000143s ]
INFO: Run ShowRuntime Behavior [ RunTime:0.000292s ]
INFO: [ view_filter ] --END-- [ RunTime:0.000986s ]
INFO: [ view_end ] --START--
INFO: Run ShowPageTrace Behavior [ RunTime:0.000351s ]
INFO: [ view_end ] --END-- [ RunTime:0.000401s ]

[ 2013-04-03T20:06:02+08:00 ] 0.0.0.0 /~Civi/Payment/
INFO: [ app_begin ] --START--
INFO: Run ReadHtmlCache Behavior [ RunTime:0.000365s ]
INFO: [ app_begin ] --END-- [ RunTime:0.000443s ]
INFO: [ view_template ] --START--
INFO: Run LocationTemplate Behavior [ RunTime:0.000197s ]
INFO: [ view_template ] --END-- [ RunTime:0.000253s ]
INFO: [ view_parse ] --START--
INFO: Run ParseTemplate Behavior [ RunTime:0.004793s ]
INFO: [ view_parse ] --END-- [ RunTime:0.004875s ]
INFO: [ view_filter ] --START--
INFO: Run ContentReplace Behavior [ RunTime:0.000245s ]
INFO: Run TokenBuild Behavior [ RunTime:0.000223s ]
INFO: Run WriteHtmlCache Behavior [ RunTime:0.000142s ]
INFO: Run ShowRuntime Behavior [ RunTime:0.000308s ]
INFO: [ view_filter ] --END-- [ RunTime:0.001071s ]
INFO: [ view_end ] --START--
INFO: Run ShowPageTrace Behavior [ RunTime:0.000389s ]
INFO: [ view_end ] --END-- [ RunTime:0.000443s ]

[ 2013-04-03T20:06:27+08:00 ] 0.0.0.0 /~Civi/Payment/
INFO: [ app_begin ] --START--
INFO: Run ReadHtmlCache Behavior [ RunTime:0.000310s ]
INFO: [ app_begin ] --END-- [ RunTime:0.000377s ]
INFO: [ view_template ] --START--
INFO: Run LocationTemplate Behavior [ RunTime:0.000155s ]
INFO: [ view_template ] --END-- [ RunTime:0.000202s ]
INFO: [ view_parse ] --START--
INFO: Run ParseTemplate Behavior [ RunTime:0.004317s ]
INFO: [ view_parse ] --END-- [ RunTime:0.004383s ]
INFO: [ view_filter ] --START--
INFO: Run ContentReplace Behavior [ RunTime:0.000221s ]
INFO: Run TokenBuild Behavior [ RunTime:0.000215s ]
INFO: Run WriteHtmlCache Behavior [ RunTime:0.000118s ]
INFO: Run ShowRuntime Behavior [ RunTime:0.000277s ]
INFO: [ view_filter ] --END-- [ RunTime:0.000985s ]
INFO: [ view_end ] --START--
INFO: Run ShowPageTrace Behavior [ RunTime:0.000350s ]
INFO: [ view_end ] --END-- [ RunTime:0.000406s ]

[ 2013-04-03T20:06:29+08:00 ] 0.0.0.0 /~Civi/Payment/
INFO: [ app_begin ] --START--
INFO: Run ReadHtmlCache Behavior [ RunTime:0.000248s ]
INFO: [ app_begin ] --END-- [ RunTime:0.000311s ]
INFO: [ view_template ] --START--
INFO: Run LocationTemplate Behavior [ RunTime:0.000118s ]
INFO: [ view_template ] --END-- [ RunTime:0.000152s ]
INFO: [ view_parse ] --START--
INFO: Run ParseTemplate Behavior [ RunTime:0.002899s ]
INFO: [ view_parse ] --END-- [ RunTime:0.002954s ]
INFO: [ view_filter ] --START--
INFO: Run ContentReplace Behavior [ RunTime:0.000157s ]
INFO: Run TokenBuild Behavior [ RunTime:0.000137s ]
INFO: Run WriteHtmlCache Behavior [ RunTime:0.000091s ]
INFO: Run ShowRuntime Behavior [ RunTime:0.000213s ]
INFO: [ view_filter ] --END-- [ RunTime:0.000708s ]
INFO: [ view_end ] --START--
INFO: Run ShowPageTrace Behavior [ RunTime:0.000232s ]
INFO: [ view_end ] --END-- [ RunTime:0.000264s ]

[ 2013-04-03T20:06:40+08:00 ] 0.0.0.0 /~Civi/Payment/
INFO: [ app_begin ] --START--
INFO: Run ReadHtmlCache Behavior [ RunTime:0.000225s ]
INFO: [ app_begin ] --END-- [ RunTime:0.000276s ]
INFO: [ view_template ] --START--
INFO: Run LocationTemplate Behavior [ RunTime:0.000129s ]
INFO: [ view_template ] --END-- [ RunTime:0.000165s ]
INFO: [ view_parse ] --START--
INFO: Run ParseTemplate Behavior [ RunTime:0.002909s ]
INFO: [ view_parse ] --END-- [ RunTime:0.002960s ]
INFO: [ view_filter ] --START--
INFO: Run ContentReplace Behavior [ RunTime:0.000157s ]
INFO: Run TokenBuild Behavior [ RunTime:0.000296s ]
INFO: Run WriteHtmlCache Behavior [ RunTime:0.000154s ]
INFO: Run ShowRuntime Behavior [ RunTime:0.000305s ]
INFO: [ view_filter ] --END-- [ RunTime:0.001051s ]
INFO: [ view_end ] --START--
INFO: Run ShowPageTrace Behavior [ RunTime:0.000313s ]
INFO: [ view_end ] --END-- [ RunTime:0.000357s ]

[ 2013-04-03T20:08:23+08:00 ] 0.0.0.0 /~Civi/Payment/
INFO: [ app_begin ] --START--
INFO: Run ReadHtmlCache Behavior [ RunTime:0.000227s ]
INFO: [ app_begin ] --END-- [ RunTime:0.000275s ]
INFO: [ view_template ] --START--
INFO: Run LocationTemplate Behavior [ RunTime:0.000114s ]
INFO: [ view_template ] --END-- [ RunTime:0.000147s ]
INFO: [ view_parse ] --START--
INFO: Run ParseTemplate Behavior [ RunTime:0.002639s ]
INFO: [ view_parse ] --END-- [ RunTime:0.002671s ]
INFO: [ view_filter ] --START--
INFO: Run ContentReplace Behavior [ RunTime:0.000165s ]
INFO: Run TokenBuild Behavior [ RunTime:0.000130s ]
INFO: Run WriteHtmlCache Behavior [ RunTime:0.000082s ]
INFO: Run ShowRuntime Behavior [ RunTime:0.000163s ]
INFO: [ view_filter ] --END-- [ RunTime:0.000622s ]
INFO: [ view_end ] --START--
INFO: Run ShowPageTrace Behavior [ RunTime:0.000228s ]
INFO: [ view_end ] --END-- [ RunTime:0.000257s ]

[ 2013-04-03T20:13:25+08:00 ] 0.0.0.0 /~Civi/Payment/
INFO: [ app_begin ] --START--
INFO: Run ReadHtmlCache Behavior [ RunTime:0.000202s ]
INFO: [ app_begin ] --END-- [ RunTime:0.000246s ]
INFO: [ view_template ] --START--
INFO: Run LocationTemplate Behavior [ RunTime:0.000116s ]
INFO: [ view_template ] --END-- [ RunTime:0.000149s ]
INFO: [ view_parse ] --START--
INFO: Run ParseTemplate Behavior [ RunTime:0.002839s ]
INFO: [ view_parse ] --END-- [ RunTime:0.002873s ]
INFO: [ view_filter ] --START--
INFO: Run ContentReplace Behavior [ RunTime:0.000160s ]
INFO: Run TokenBuild Behavior [ RunTime:0.000133s ]
INFO: Run WriteHtmlCache Behavior [ RunTime:0.000084s ]
INFO: Run ShowRuntime Behavior [ RunTime:0.000174s ]
INFO: [ view_filter ] --END-- [ RunTime:0.000661s ]
INFO: [ view_end ] --START--
INFO: Run ShowPageTrace Behavior [ RunTime:0.000219s ]
INFO: [ view_end ] --END-- [ RunTime:0.000249s ]

[ 2013-04-03T20:15:16+08:00 ] 0.0.0.0 /~Civi/Payment/
INFO: [ app_begin ] --START--
INFO: Run ReadHtmlCache Behavior [ RunTime:0.000197s ]
INFO: [ app_begin ] --END-- [ RunTime:0.000240s ]
INFO: [ view_template ] --START--
INFO: Run LocationTemplate Behavior [ RunTime:0.000113s ]
INFO: [ view_template ] --END-- [ RunTime:0.000147s ]
INFO: [ view_parse ] --START--
INFO: Run ParseTemplate Behavior [ RunTime:0.002663s ]
INFO: [ view_parse ] --END-- [ RunTime:0.002696s ]
INFO: [ view_filter ] --START--
INFO: Run ContentReplace Behavior [ RunTime:0.000127s ]
INFO: Run TokenBuild Behavior [ RunTime:0.000129s ]
INFO: Run WriteHtmlCache Behavior [ RunTime:0.000081s ]
INFO: Run ShowRuntime Behavior [ RunTime:0.000170s ]
INFO: [ view_filter ] --END-- [ RunTime:0.000588s ]
INFO: [ view_end ] --START--
INFO: Run ShowPageTrace Behavior [ RunTime:0.000237s ]
INFO: [ view_end ] --END-- [ RunTime:0.000265s ]

[ 2013-04-03T20:16:03+08:00 ] 0.0.0.0 /~Civi/Payment/
INFO: [ app_begin ] --START--
INFO: Run ReadHtmlCache Behavior [ RunTime:0.000254s ]
INFO: [ app_begin ] --END-- [ RunTime:0.000306s ]
INFO: [ view_template ] --START--
INFO: Run LocationTemplate Behavior [ RunTime:0.000122s ]
INFO: [ view_template ] --END-- [ RunTime:0.000157s ]
INFO: [ view_parse ] --START--
INFO: Run ParseTemplate Behavior [ RunTime:0.002782s ]
INFO: [ view_parse ] --END-- [ RunTime:0.002815s ]
INFO: [ view_filter ] --START--
INFO: Run ContentReplace Behavior [ RunTime:0.000130s ]
INFO: Run TokenBuild Behavior [ RunTime:0.000148s ]
INFO: Run WriteHtmlCache Behavior [ RunTime:0.000092s ]
INFO: Run ShowRuntime Behavior [ RunTime:0.000171s ]
INFO: [ view_filter ] --END-- [ RunTime:0.000632s ]
INFO: [ view_end ] --START--
INFO: Run ShowPageTrace Behavior [ RunTime:0.000230s ]
INFO: [ view_end ] --END-- [ RunTime:0.000259s ]

[ 2013-04-03T20:16:19+08:00 ] 0.0.0.0 /~Civi/Payment/
INFO: [ app_begin ] --START--
INFO: Run ReadHtmlCache Behavior [ RunTime:0.000203s ]
INFO: [ app_begin ] --END-- [ RunTime:0.000251s ]
INFO: [ view_template ] --START--
INFO: Run LocationTemplate Behavior [ RunTime:0.000113s ]
INFO: [ view_template ] --END-- [ RunTime:0.000146s ]
INFO: [ view_parse ] --START--
INFO: Run ParseTemplate Behavior [ RunTime:0.002967s ]
INFO: [ view_parse ] --END-- [ RunTime:0.003008s ]
INFO: [ view_filter ] --START--
INFO: Run ContentReplace Behavior [ RunTime:0.000159s ]
INFO: Run TokenBuild Behavior [ RunTime:0.000174s ]
INFO: Run WriteHtmlCache Behavior [ RunTime:0.000085s ]
INFO: Run ShowRuntime Behavior [ RunTime:0.000185s ]
INFO: [ view_filter ] --END-- [ RunTime:0.000696s ]
INFO: [ view_end ] --START--
INFO: Run ShowPageTrace Behavior [ RunTime:0.000220s ]
INFO: [ view_end ] --END-- [ RunTime:0.000249s ]

[ 2013-04-03T20:16:56+08:00 ] 0.0.0.0 /~Civi/Payment/
INFO: [ app_begin ] --START--
INFO: Run ReadHtmlCache Behavior [ RunTime:0.000222s ]
INFO: [ app_begin ] --END-- [ RunTime:0.000272s ]
INFO: [ view_template ] --START--
INFO: Run LocationTemplate Behavior [ RunTime:0.000121s ]
INFO: [ view_template ] --END-- [ RunTime:0.000156s ]
INFO: [ view_parse ] --START--
INFO: Run ParseTemplate Behavior [ RunTime:0.002929s ]
INFO: [ view_parse ] --END-- [ RunTime:0.002975s ]
INFO: [ view_filter ] --START--
INFO: Run ContentReplace Behavior [ RunTime:0.000150s ]
INFO: Run TokenBuild Behavior [ RunTime:0.000139s ]
INFO: Run WriteHtmlCache Behavior [ RunTime:0.000088s ]
INFO: Run ShowRuntime Behavior [ RunTime:0.000184s ]
INFO: [ view_filter ] --END-- [ RunTime:0.000648s ]
INFO: [ view_end ] --START--
INFO: Run ShowPageTrace Behavior [ RunTime:0.000234s ]
INFO: [ view_end ] --END-- [ RunTime:0.000264s ]

[ 2013-04-03T20:20:03+08:00 ] 0.0.0.0 /~Civi/Payment/
INFO: [ app_begin ] --START--
INFO: Run ReadHtmlCache Behavior [ RunTime:0.000202s ]
INFO: [ app_begin ] --END-- [ RunTime:0.000246s ]
INFO: [ view_template ] --START--
INFO: Run LocationTemplate Behavior [ RunTime:0.000118s ]
INFO: [ view_template ] --END-- [ RunTime:0.000151s ]
INFO: [ view_parse ] --START--
INFO: Run ParseTemplate Behavior [ RunTime:0.002838s ]
INFO: [ view_parse ] --END-- [ RunTime:0.002871s ]
INFO: [ view_filter ] --START--
INFO: Run ContentReplace Behavior [ RunTime:0.000133s ]
INFO: Run TokenBuild Behavior [ RunTime:0.000134s ]
INFO: Run WriteHtmlCache Behavior [ RunTime:0.000098s ]
INFO: Run ShowRuntime Behavior [ RunTime:0.000191s ]
INFO: [ view_filter ] --END-- [ RunTime:0.000644s ]
INFO: [ view_end ] --START--
INFO: Run ShowPageTrace Behavior [ RunTime:0.000264s ]
INFO: [ view_end ] --END-- [ RunTime:0.000293s ]

[ 2013-04-03T20:21:12+08:00 ] 0.0.0.0 /~Civi/Payment/
INFO: [ app_begin ] --START--
INFO: Run ReadHtmlCache Behavior [ RunTime:0.000247s ]
INFO: [ app_begin ] --END-- [ RunTime:0.000308s ]
INFO: [ view_template ] --START--
INFO: Run LocationTemplate Behavior [ RunTime:0.000121s ]
INFO: [ view_template ] --END-- [ RunTime:0.000156s ]
INFO: [ view_parse ] --START--
INFO: Run ParseTemplate Behavior [ RunTime:0.002790s ]
INFO: [ view_parse ] --END-- [ RunTime:0.002824s ]
INFO: [ view_filter ] --START--
INFO: Run ContentReplace Behavior [ RunTime:0.000129s ]
INFO: Run TokenBuild Behavior [ RunTime:0.000130s ]
INFO: Run WriteHtmlCache Behavior [ RunTime:0.000081s ]
INFO: Run ShowRuntime Behavior [ RunTime:0.000169s ]
INFO: [ view_filter ] --END-- [ RunTime:0.000592s ]
INFO: [ view_end ] --START--
INFO: Run ShowPageTrace Behavior [ RunTime:0.000219s ]
INFO: [ view_end ] --END-- [ RunTime:0.000248s ]

[ 2013-04-03T20:21:24+08:00 ] 0.0.0.0 /~Civi/Payment/
INFO: [ app_begin ] --START--
INFO: Run ReadHtmlCache Behavior [ RunTime:0.000205s ]
INFO: [ app_begin ] --END-- [ RunTime:0.000254s ]
INFO: [ view_template ] --START--
INFO: Run LocationTemplate Behavior [ RunTime:0.000112s ]
INFO: [ view_template ] --END-- [ RunTime:0.000146s ]
INFO: [ view_parse ] --START--
INFO: Run ParseTemplate Behavior [ RunTime:0.002735s ]
INFO: [ view_parse ] --END-- [ RunTime:0.002787s ]
INFO: [ view_filter ] --START--
INFO: Run ContentReplace Behavior [ RunTime:0.000201s ]
INFO: Run TokenBuild Behavior [ RunTime:0.000218s ]
INFO: Run WriteHtmlCache Behavior [ RunTime:0.000133s ]
INFO: Run ShowRuntime Behavior [ RunTime:0.000279s ]
INFO: [ view_filter ] --END-- [ RunTime:0.000968s ]
INFO: [ view_end ] --START--
INFO: Run ShowPageTrace Behavior [ RunTime:0.000394s ]
INFO: [ view_end ] --END-- [ RunTime:0.000453s ]

[ 2013-04-03T20:21:43+08:00 ] 0.0.0.0 /~Civi/Payment/
INFO: [ app_begin ] --START--
INFO: Run ReadHtmlCache Behavior [ RunTime:0.000225s ]
INFO: [ app_begin ] --END-- [ RunTime:0.000275s ]
INFO: [ view_template ] --START--
INFO: Run LocationTemplate Behavior [ RunTime:0.000121s ]
INFO: [ view_template ] --END-- [ RunTime:0.000164s ]
INFO: [ view_parse ] --START--
INFO: Run ParseTemplate Behavior [ RunTime:0.002727s ]
INFO: [ view_parse ] --END-- [ RunTime:0.002762s ]
INFO: [ view_filter ] --START--
INFO: Run ContentReplace Behavior [ RunTime:0.000159s ]
INFO: Run TokenBuild Behavior [ RunTime:0.000154s ]
INFO: Run WriteHtmlCache Behavior [ RunTime:0.000087s ]
INFO: Run ShowRuntime Behavior [ RunTime:0.000173s ]
INFO: [ view_filter ] --END-- [ RunTime:0.000670s ]
INFO: [ view_end ] --START--
INFO: Run ShowPageTrace Behavior [ RunTime:0.000236s ]
INFO: [ view_end ] --END-- [ RunTime:0.000266s ]

[ 2013-04-03T20:22:40+08:00 ] 0.0.0.0 /~Civi/Payment/
INFO: [ app_begin ] --START--
INFO: Run ReadHtmlCache Behavior [ RunTime:0.000265s ]
INFO: [ app_begin ] --END-- [ RunTime:0.000316s ]
INFO: [ view_template ] --START--
INFO: Run LocationTemplate Behavior [ RunTime:0.000113s ]
INFO: [ view_template ] --END-- [ RunTime:0.000146s ]
INFO: [ view_parse ] --START--
INFO: Run ParseTemplate Behavior [ RunTime:0.002755s ]
INFO: [ view_parse ] --END-- [ RunTime:0.002799s ]
INFO: [ view_filter ] --START--
INFO: Run ContentReplace Behavior [ RunTime:0.000133s ]
INFO: Run TokenBuild Behavior [ RunTime:0.000130s ]
INFO: Run WriteHtmlCache Behavior [ RunTime:0.000082s ]
INFO: Run ShowRuntime Behavior [ RunTime:0.000162s ]
INFO: [ view_filter ] --END-- [ RunTime:0.000594s ]
INFO: [ view_end ] --START--
INFO: Run ShowPageTrace Behavior [ RunTime:0.000219s ]
INFO: [ view_end ] --END-- [ RunTime:0.000249s ]

[ 2013-04-03T20:39:35+08:00 ] 0.0.0.0 /~Civi/Payment/
INFO: [ app_begin ] --START--
INFO: Run ReadHtmlCache Behavior [ RunTime:0.000203s ]
INFO: [ app_begin ] --END-- [ RunTime:0.000247s ]
INFO: [ view_template ] --START--
INFO: Run LocationTemplate Behavior [ RunTime:0.000117s ]
INFO: [ view_template ] --END-- [ RunTime:0.000149s ]
INFO: [ view_parse ] --START--
INFO: Run ParseTemplate Behavior [ RunTime:0.002749s ]
INFO: [ view_parse ] --END-- [ RunTime:0.002781s ]
INFO: [ view_filter ] --START--
INFO: Run ContentReplace Behavior [ RunTime:0.000131s ]
INFO: Run TokenBuild Behavior [ RunTime:0.000133s ]
INFO: Run WriteHtmlCache Behavior [ RunTime:0.000084s ]
INFO: Run ShowRuntime Behavior [ RunTime:0.000175s ]
INFO: [ view_filter ] --END-- [ RunTime:0.000606s ]
INFO: [ view_end ] --START--
INFO: Run ShowPageTrace Behavior [ RunTime:0.000258s ]
INFO: [ view_end ] --END-- [ RunTime:0.000293s ]

[ 2013-04-03T20:41:04+08:00 ] 0.0.0.0 /~Civi/Payment/
INFO: [ app_begin ] --START--
INFO: Run ReadHtmlCache Behavior [ RunTime:0.000198s ]
INFO: [ app_begin ] --END-- [ RunTime:0.000244s ]
INFO: [ view_template ] --START--
INFO: Run LocationTemplate Behavior [ RunTime:0.000114s ]
INFO: [ view_template ] --END-- [ RunTime:0.000147s ]
INFO: [ view_parse ] --START--
INFO: Run ParseTemplate Behavior [ RunTime:0.002824s ]
INFO: [ view_parse ] --END-- [ RunTime:0.002888s ]
INFO: [ view_filter ] --START--
INFO: Run ContentReplace Behavior [ RunTime:0.000219s ]
INFO: Run TokenBuild Behavior [ RunTime:0.000202s ]
INFO: Run WriteHtmlCache Behavior [ RunTime:0.000117s ]
INFO: Run ShowRuntime Behavior [ RunTime:0.000202s ]
INFO: [ view_filter ] --END-- [ RunTime:0.000868s ]
INFO: [ view_end ] --START--
INFO: Run ShowPageTrace Behavior [ RunTime:0.000255s ]
INFO: [ view_end ] --END-- [ RunTime:0.000290s ]

[ 2013-04-03T20:43:55+08:00 ] 0.0.0.0 /~Civi/Payment/
INFO: [ app_begin ] --START--
INFO: Run ReadHtmlCache Behavior [ RunTime:0.000211s ]
INFO: [ app_begin ] --END-- [ RunTime:0.000261s ]
INFO: [ view_template ] --START--
INFO: Run LocationTemplate Behavior [ RunTime:0.000113s ]
INFO: [ view_template ] --END-- [ RunTime:0.000146s ]
INFO: [ view_parse ] --START--
INFO: Run ParseTemplate Behavior [ RunTime:0.002734s ]
INFO: [ view_parse ] --END-- [ RunTime:0.002775s ]
INFO: [ view_filter ] --START--
INFO: Run ContentReplace Behavior [ RunTime:0.000157s ]
INFO: Run TokenBuild Behavior [ RunTime:0.000131s ]
INFO: Run WriteHtmlCache Behavior [ RunTime:0.000082s ]
INFO: Run ShowRuntime Behavior [ RunTime:0.000201s ]
INFO: [ view_filter ] --END-- [ RunTime:0.000669s ]
INFO: [ view_end ] --START--
INFO: Run ShowPageTrace Behavior [ RunTime:0.000232s ]
INFO: [ view_end ] --END-- [ RunTime:0.000261s ]

[ 2013-04-03T20:44:45+08:00 ] 0.0.0.0 /~Civi/Payment/
INFO: [ app_begin ] --START--
INFO: Run ReadHtmlCache Behavior [ RunTime:0.000287s ]
INFO: [ app_begin ] --END-- [ RunTime:0.000346s ]
INFO: [ view_template ] --START--
INFO: Run LocationTemplate Behavior [ RunTime:0.000173s ]
INFO: [ view_template ] --END-- [ RunTime:0.000220s ]
INFO: [ view_parse ] --START--
INFO: Run ParseTemplate Behavior [ RunTime:0.002858s ]
INFO: [ view_parse ] --END-- [ RunTime:0.002902s ]
INFO: [ view_filter ] --START--
INFO: Run ContentReplace Behavior [ RunTime:0.000142s ]
INFO: Run TokenBuild Behavior [ RunTime:0.000188s ]
INFO: Run WriteHtmlCache Behavior [ RunTime:0.000104s ]
INFO: Run ShowRuntime Behavior [ RunTime:0.000177s ]
INFO: [ view_filter ] --END-- [ RunTime:0.000720s ]
INFO: [ view_end ] --START--
INFO: Run ShowPageTrace Behavior [ RunTime:0.000259s ]
INFO: [ view_end ] --END-- [ RunTime:0.000290s ]

[ 2013-04-03T20:45:56+08:00 ] 0.0.0.0 /~Civi/Payment/
INFO: [ app_begin ] --START--
INFO: Run ReadHtmlCache Behavior [ RunTime:0.000228s ]
INFO: [ app_begin ] --END-- [ RunTime:0.000288s ]
INFO: [ view_template ] --START--
INFO: Run LocationTemplate Behavior [ RunTime:0.000115s ]
INFO: [ view_template ] --END-- [ RunTime:0.000148s ]
INFO: [ view_parse ] --START--
INFO: Run ParseTemplate Behavior [ RunTime:0.002787s ]
INFO: [ view_parse ] --END-- [ RunTime:0.002821s ]
INFO: [ view_filter ] --START--
INFO: Run ContentReplace Behavior [ RunTime:0.000130s ]
INFO: Run TokenBuild Behavior [ RunTime:0.000130s ]
INFO: Run WriteHtmlCache Behavior [ RunTime:0.000081s ]
INFO: Run ShowRuntime Behavior [ RunTime:0.000163s ]
INFO: [ view_filter ] --END-- [ RunTime:0.000585s ]
INFO: [ view_end ] --START--
INFO: Run ShowPageTrace Behavior [ RunTime:0.000243s ]
INFO: [ view_end ] --END-- [ RunTime:0.000281s ]

[ 2013-04-03T20:46:09+08:00 ] 0.0.0.0 /~Civi/Payment/
INFO: [ app_begin ] --START--
INFO: Run ReadHtmlCache Behavior [ RunTime:0.000231s ]
INFO: [ app_begin ] --END-- [ RunTime:0.000278s ]
INFO: [ view_template ] --START--
INFO: Run LocationTemplate Behavior [ RunTime:0.000154s ]
INFO: [ view_template ] --END-- [ RunTime:0.000190s ]
INFO: [ view_parse ] --START--
INFO: Run ParseTemplate Behavior [ RunTime:0.002899s ]
INFO: [ view_parse ] --END-- [ RunTime:0.002939s ]
INFO: [ view_filter ] --START--
INFO: Run ContentReplace Behavior [ RunTime:0.000132s ]
INFO: Run TokenBuild Behavior [ RunTime:0.000130s ]
INFO: Run WriteHtmlCache Behavior [ RunTime:0.000082s ]
INFO: Run ShowRuntime Behavior [ RunTime:0.000164s ]
INFO: [ view_filter ] --END-- [ RunTime:0.000588s ]
INFO: [ view_end ] --START--
INFO: Run ShowPageTrace Behavior [ RunTime:0.000219s ]
INFO: [ view_end ] --END-- [ RunTime:0.000248s ]

[ 2013-04-03T20:46:19+08:00 ] 0.0.0.0 /~Civi/Payment/
INFO: [ app_begin ] --START--
INFO: Run ReadHtmlCache Behavior [ RunTime:0.000366s ]
INFO: [ app_begin ] --END-- [ RunTime:0.000447s ]
INFO: [ view_template ] --START--
INFO: Run LocationTemplate Behavior [ RunTime:0.000203s ]
INFO: [ view_template ] --END-- [ RunTime:0.000261s ]
INFO: [ view_parse ] --START--
INFO: Run ParseTemplate Behavior [ RunTime:0.004616s ]
INFO: [ view_parse ] --END-- [ RunTime:0.004675s ]
INFO: [ view_filter ] --START--
INFO: Run ContentReplace Behavior [ RunTime:0.000230s ]
INFO: Run TokenBuild Behavior [ RunTime:0.000215s ]
INFO: Run WriteHtmlCache Behavior [ RunTime:0.000129s ]
INFO: Run ShowRuntime Behavior [ RunTime:0.000277s ]
INFO: [ view_filter ] --END-- [ RunTime:0.000989s ]
INFO: [ view_end ] --START--
INFO: Run ShowPageTrace Behavior [ RunTime:0.000362s ]
INFO: [ view_end ] --END-- [ RunTime:0.000412s ]

[ 2013-04-03T20:46:43+08:00 ] 0.0.0.0 /~Civi/Payment/
INFO: [ app_begin ] --START--
INFO: Run ReadHtmlCache Behavior [ RunTime:0.000224s ]
INFO: [ app_begin ] --END-- [ RunTime:0.000275s ]
INFO: [ view_template ] --START--
INFO: Run LocationTemplate Behavior [ RunTime:0.000121s ]
INFO: [ view_template ] --END-- [ RunTime:0.000156s ]
INFO: [ view_parse ] --START--
INFO: Run ParseTemplate Behavior [ RunTime:0.002979s ]
INFO: [ view_parse ] --END-- [ RunTime:0.003026s ]
INFO: [ view_filter ] --START--
INFO: Run ContentReplace Behavior [ RunTime:0.000185s ]
INFO: Run TokenBuild Behavior [ RunTime:0.000161s ]
INFO: Run WriteHtmlCache Behavior [ RunTime:0.000089s ]
INFO: Run ShowRuntime Behavior [ RunTime:0.000248s ]
INFO: [ view_filter ] --END-- [ RunTime:0.000822s ]
INFO: [ view_end ] --START--
INFO: Run ShowPageTrace Behavior [ RunTime:0.000240s ]
INFO: [ view_end ] --END-- [ RunTime:0.000273s ]

[ 2013-04-03T21:00:37+08:00 ] 0.0.0.0 /~Civi/Payment/
INFO: [ app_begin ] --START--
INFO: Run ReadHtmlCache Behavior [ RunTime:0.000336s ]
INFO: [ app_begin ] --END-- [ RunTime:0.000409s ]
INFO: [ view_template ] --START--
INFO: Run LocationTemplate Behavior [ RunTime:0.000184s ]
INFO: [ view_template ] --END-- [ RunTime:0.000238s ]
INFO: [ view_parse ] --START--
INFO: Run ParseTemplate Behavior [ RunTime:0.003635s ]
INFO: [ view_parse ] --END-- [ RunTime:0.003710s ]
INFO: [ view_filter ] --START--
INFO: Run ContentReplace Behavior [ RunTime:0.000236s ]
INFO: Run TokenBuild Behavior [ RunTime:0.000161s ]
INFO: Run WriteHtmlCache Behavior [ RunTime:0.000142s ]
INFO: Run ShowRuntime Behavior [ RunTime:0.000278s ]
INFO: [ view_filter ] --END-- [ RunTime:0.000964s ]
INFO: [ view_end ] --START--
INFO: Run ShowPageTrace Behavior [ RunTime:0.000383s ]
INFO: [ view_end ] --END-- [ RunTime:0.000445s ]

[ 2013-04-03T21:00:40+08:00 ] 0.0.0.0 /~Civi/Payment/
INFO: [ app_begin ] --START--
INFO: Run ReadHtmlCache Behavior [ RunTime:0.000446s ]
INFO: [ app_begin ] --END-- [ RunTime:0.000534s ]
INFO: [ view_template ] --START--
INFO: Run LocationTemplate Behavior [ RunTime:0.000256s ]
INFO: [ view_template ] --END-- [ RunTime:0.000335s ]
INFO: [ view_parse ] --START--
INFO: Run ParseTemplate Behavior [ RunTime:0.005045s ]
INFO: [ view_parse ] --END-- [ RunTime:0.005122s ]
INFO: [ view_filter ] --START--
INFO: Run ContentReplace Behavior [ RunTime:0.000240s ]
INFO: Run TokenBuild Behavior [ RunTime:0.000228s ]
INFO: Run WriteHtmlCache Behavior [ RunTime:0.000159s ]
INFO: Run ShowRuntime Behavior [ RunTime:0.000274s ]
INFO: [ view_filter ] --END-- [ RunTime:0.001059s ]
INFO: [ view_end ] --START--
INFO: Run ShowPageTrace Behavior [ RunTime:0.001101s ]
INFO: [ view_end ] --END-- [ RunTime:0.001182s ]

[ 2013-04-03T21:01:51+08:00 ] 0.0.0.0 /~Civi/Payment/
INFO: [ app_begin ] --START--
INFO: Run ReadHtmlCache Behavior [ RunTime:0.000217s ]
INFO: [ app_begin ] --END-- [ RunTime:0.000267s ]
INFO: [ view_template ] --START--
INFO: Run LocationTemplate Behavior [ RunTime:0.000132s ]
INFO: [ view_template ] --END-- [ RunTime:0.000176s ]
INFO: [ view_parse ] --START--
INFO: Run ParseTemplate Behavior [ RunTime:0.004032s ]
INFO: [ view_parse ] --END-- [ RunTime:0.004095s ]
INFO: [ view_filter ] --START--
INFO: Run ContentReplace Behavior [ RunTime:0.000231s ]
INFO: Run TokenBuild Behavior [ RunTime:0.000225s ]
INFO: Run WriteHtmlCache Behavior [ RunTime:0.000138s ]
INFO: Run ShowRuntime Behavior [ RunTime:0.000269s ]
INFO: [ view_filter ] --END-- [ RunTime:0.001019s ]
INFO: [ view_end ] --START--
INFO: Run ShowPageTrace Behavior [ RunTime:0.000371s ]
INFO: [ view_end ] --END-- [ RunTime:0.000421s ]

[ 2013-04-03T21:02:45+08:00 ] 0.0.0.0 /~Civi/Payment/
INFO: [ app_begin ] --START--
INFO: Run ReadHtmlCache Behavior [ RunTime:0.000221s ]
INFO: [ app_begin ] --END-- [ RunTime:0.000273s ]
INFO: [ view_template ] --START--
INFO: Run LocationTemplate Behavior [ RunTime:0.000121s ]
INFO: [ view_template ] --END-- [ RunTime:0.000157s ]
INFO: [ view_parse ] --START--
INFO: Run ParseTemplate Behavior [ RunTime:0.002867s ]
INFO: [ view_parse ] --END-- [ RunTime:0.002913s ]
INFO: [ view_filter ] --START--
INFO: Run ContentReplace Behavior [ RunTime:0.000159s ]
INFO: Run TokenBuild Behavior [ RunTime:0.000139s ]
INFO: Run WriteHtmlCache Behavior [ RunTime:0.000087s ]
INFO: Run ShowRuntime Behavior [ RunTime:0.000217s ]
INFO: [ view_filter ] --END-- [ RunTime:0.000701s ]
INFO: [ view_end ] --START--
INFO: Run ShowPageTrace Behavior [ RunTime:0.000296s ]
INFO: [ view_end ] --END-- [ RunTime:0.000343s ]

[ 2013-04-03T21:04:05+08:00 ] 0.0.0.0 /~Civi/Payment/
INFO: [ app_begin ] --START--
INFO: Run ReadHtmlCache Behavior [ RunTime:0.000309s ]
INFO: [ app_begin ] --END-- [ RunTime:0.000373s ]
INFO: [ view_template ] --START--
INFO: Run LocationTemplate Behavior [ RunTime:0.000156s ]
INFO: [ view_template ] --END-- [ RunTime:0.000197s ]
INFO: [ view_parse ] --START--
INFO: Run ParseTemplate Behavior [ RunTime:0.002741s ]
INFO: [ view_parse ] --END-- [ RunTime:0.002778s ]
INFO: [ view_filter ] --START--
INFO: Run ContentReplace Behavior [ RunTime:0.000156s ]
INFO: Run TokenBuild Behavior [ RunTime:0.000133s ]
INFO: Run WriteHtmlCache Behavior [ RunTime:0.000083s ]
INFO: Run ShowRuntime Behavior [ RunTime:0.000253s ]
INFO: [ view_filter ] --END-- [ RunTime:0.000721s ]
INFO: [ view_end ] --START--
INFO: Run ShowPageTrace Behavior [ RunTime:0.000358s ]
INFO: [ view_end ] --END-- [ RunTime:0.000411s ]

[ 2013-04-03T21:05:07+08:00 ] 0.0.0.0 /~Civi/Payment/
INFO: [ app_begin ] --START--
INFO: Run ReadHtmlCache Behavior [ RunTime:0.000218s ]
INFO: [ app_begin ] --END-- [ RunTime:0.000275s ]
INFO: [ view_template ] --START--
INFO: Run LocationTemplate Behavior [ RunTime:0.000163s ]
INFO: [ view_template ] --END-- [ RunTime:0.000202s ]
INFO: [ view_parse ] --START--
INFO: Run ParseTemplate Behavior [ RunTime:0.003006s ]
INFO: [ view_parse ] --END-- [ RunTime:0.003060s ]
INFO: [ view_filter ] --START--
INFO: Run ContentReplace Behavior [ RunTime:0.000172s ]
INFO: Run TokenBuild Behavior [ RunTime:0.000146s ]
INFO: Run WriteHtmlCache Behavior [ RunTime:0.000089s ]
INFO: Run ShowRuntime Behavior [ RunTime:0.000202s ]
INFO: [ view_filter ] --END-- [ RunTime:0.000710s ]
INFO: [ view_end ] --START--
INFO: Run ShowPageTrace Behavior [ RunTime:0.000238s ]
INFO: [ view_end ] --END-- [ RunTime:0.000271s ]

[ 2013-04-03T21:08:21+08:00 ] 0.0.0.0 /~Civi/Payment/
INFO: [ app_begin ] --START--
INFO: Run ReadHtmlCache Behavior [ RunTime:0.000210s ]
INFO: [ app_begin ] --END-- [ RunTime:0.000260s ]
INFO: [ view_template ] --START--
INFO: Run LocationTemplate Behavior [ RunTime:0.000117s ]
INFO: [ view_template ] --END-- [ RunTime:0.000150s ]
INFO: [ view_parse ] --START--
INFO: Run ParseTemplate Behavior [ RunTime:0.002814s ]
INFO: [ view_parse ] --END-- [ RunTime:0.002861s ]
INFO: [ view_filter ] --START--
INFO: Run ContentReplace Behavior [ RunTime:0.000147s ]
INFO: Run TokenBuild Behavior [ RunTime:0.000194s ]
INFO: Run WriteHtmlCache Behavior [ RunTime:0.000087s ]
INFO: Run ShowRuntime Behavior [ RunTime:0.000228s ]
INFO: [ view_filter ] --END-- [ RunTime:0.000744s ]
INFO: [ view_end ] --START--
INFO: Run ShowPageTrace Behavior [ RunTime:0.000224s ]
INFO: [ view_end ] --END-- [ RunTime:0.000254s ]

[ 2013-04-03T21:10:56+08:00 ] 0.0.0.0 /~Civi/Payment/
INFO: [ app_begin ] --START--
INFO: Run ReadHtmlCache Behavior [ RunTime:0.000356s ]
INFO: [ app_begin ] --END-- [ RunTime:0.000434s ]
INFO: [ view_template ] --START--
INFO: Run LocationTemplate Behavior [ RunTime:0.000256s ]
INFO: [ view_template ] --END-- [ RunTime:0.000343s ]
INFO: [ view_parse ] --START--
INFO: Run ParseTemplate Behavior [ RunTime:0.003087s ]
INFO: [ view_parse ] --END-- [ RunTime:0.003136s ]
INFO: [ view_filter ] --START--
INFO: Run ContentReplace Behavior [ RunTime:0.000141s ]
INFO: Run TokenBuild Behavior [ RunTime:0.000133s ]
INFO: Run WriteHtmlCache Behavior [ RunTime:0.000084s ]
INFO: Run ShowRuntime Behavior [ RunTime:0.000167s ]
INFO: [ view_filter ] --END-- [ RunTime:0.000618s ]
INFO: [ view_end ] --START--
INFO: Run ShowPageTrace Behavior [ RunTime:0.000329s ]
INFO: [ view_end ] --END-- [ RunTime:0.000372s ]

[ 2013-04-03T21:13:45+08:00 ] 0.0.0.0 /~Civi/Payment/
INFO: [ app_begin ] --START--
INFO: Run ReadHtmlCache Behavior [ RunTime:0.000387s ]
INFO: [ app_begin ] --END-- [ RunTime:0.000465s ]
INFO: [ view_template ] --START--
INFO: Run LocationTemplate Behavior [ RunTime:0.000198s ]
INFO: [ view_template ] --END-- [ RunTime:0.000258s ]
INFO: [ view_parse ] --START--
INFO: Run ParseTemplate Behavior [ RunTime:0.005202s ]
INFO: [ view_parse ] --END-- [ RunTime:0.005290s ]
INFO: [ view_filter ] --START--
INFO: Run ContentReplace Behavior [ RunTime:0.000300s ]
INFO: Run TokenBuild Behavior [ RunTime:0.000303s ]
INFO: Run WriteHtmlCache Behavior [ RunTime:0.000188s ]
INFO: Run ShowRuntime Behavior [ RunTime:0.000211s ]
INFO: [ view_filter ] --END-- [ RunTime:0.001168s ]
INFO: [ view_end ] --START--
INFO: Run ShowPageTrace Behavior [ RunTime:0.000230s ]
INFO: [ view_end ] --END-- [ RunTime:0.000261s ]

[ 2013-04-03T21:14:49+08:00 ] 0.0.0.0 /~Civi/Payment/
INFO: [ app_begin ] --START--
INFO: Run ReadHtmlCache Behavior [ RunTime:0.000483s ]
INFO: [ app_begin ] --END-- [ RunTime:0.000580s ]
INFO: [ view_template ] --START--
INFO: Run LocationTemplate Behavior [ RunTime:0.000195s ]
INFO: [ view_template ] --END-- [ RunTime:0.000262s ]
INFO: [ view_parse ] --START--
INFO: Run ParseTemplate Behavior [ RunTime:0.003426s ]
INFO: [ view_parse ] --END-- [ RunTime:0.003483s ]
INFO: [ view_filter ] --START--
INFO: Run ContentReplace Behavior [ RunTime:0.000301s ]
INFO: Run TokenBuild Behavior [ RunTime:0.000144s ]
INFO: Run WriteHtmlCache Behavior [ RunTime:0.000084s ]
INFO: Run ShowRuntime Behavior [ RunTime:0.000188s ]
INFO: [ view_filter ] --END-- [ RunTime:0.000821s ]
INFO: [ view_end ] --START--
INFO: Run ShowPageTrace Behavior [ RunTime:0.000358s ]
INFO: [ view_end ] --END-- [ RunTime:0.000410s ]

[ 2013-04-03T21:14:50+08:00 ] 0.0.0.0 /~Civi/Payment/
INFO: [ app_begin ] --START--
INFO: Run ReadHtmlCache Behavior [ RunTime:0.000345s ]
INFO: [ app_begin ] --END-- [ RunTime:0.000421s ]
INFO: [ view_template ] --START--
INFO: Run LocationTemplate Behavior [ RunTime:0.000142s ]
INFO: [ view_template ] --END-- [ RunTime:0.000188s ]
INFO: [ view_parse ] --START--
INFO: Run ParseTemplate Behavior [ RunTime:0.003245s ]
INFO: [ view_parse ] --END-- [ RunTime:0.003296s ]
INFO: [ view_filter ] --START--
INFO: Run ContentReplace Behavior [ RunTime:0.000175s ]
INFO: Run TokenBuild Behavior [ RunTime:0.000140s ]
INFO: Run WriteHtmlCache Behavior [ RunTime:0.000122s ]
INFO: Run ShowRuntime Behavior [ RunTime:0.000266s ]
INFO: [ view_filter ] --END-- [ RunTime:0.000825s ]
INFO: [ view_end ] --START--
INFO: Run ShowPageTrace Behavior [ RunTime:0.000356s ]
INFO: [ view_end ] --END-- [ RunTime:0.000404s ]

[ 2013-04-03T21:15:00+08:00 ] 0.0.0.0 /~Civi/Payment/
INFO: [ app_begin ] --START--
INFO: Run ReadHtmlCache Behavior [ RunTime:0.000219s ]
INFO: [ app_begin ] --END-- [ RunTime:0.000270s ]
INFO: [ view_template ] --START--
INFO: Run LocationTemplate Behavior [ RunTime:0.000126s ]
INFO: [ view_template ] --END-- [ RunTime:0.000167s ]
INFO: [ view_parse ] --START--
INFO: Run ParseTemplate Behavior [ RunTime:0.003105s ]
INFO: [ view_parse ] --END-- [ RunTime:0.003152s ]
INFO: [ view_filter ] --START--
INFO: Run ContentReplace Behavior [ RunTime:0.000180s ]
INFO: Run TokenBuild Behavior [ RunTime:0.000162s ]
INFO: Run WriteHtmlCache Behavior [ RunTime:0.000109s ]
INFO: Run ShowRuntime Behavior [ RunTime:0.000269s ]
INFO: [ view_filter ] --END-- [ RunTime:0.000845s ]
INFO: [ view_end ] --START--
INFO: Run ShowPageTrace Behavior [ RunTime:0.000297s ]
INFO: [ view_end ] --END-- [ RunTime:0.000341s ]

[ 2013-04-03T21:15:28+08:00 ] 0.0.0.0 /~Civi/Payment/
INFO: [ app_begin ] --START--
INFO: Run ReadHtmlCache Behavior [ RunTime:0.000274s ]
INFO: [ app_begin ] --END-- [ RunTime:0.000338s ]
INFO: [ view_template ] --START--
INFO: Run LocationTemplate Behavior [ RunTime:0.000124s ]
INFO: [ view_template ] --END-- [ RunTime:0.000160s ]
INFO: [ view_parse ] --START--
INFO: Run ParseTemplate Behavior [ RunTime:0.003100s ]
INFO: [ view_parse ] --END-- [ RunTime:0.003144s ]
INFO: [ view_filter ] --START--
INFO: Run ContentReplace Behavior [ RunTime:0.000153s ]
INFO: Run TokenBuild Behavior [ RunTime:0.000131s ]
INFO: Run WriteHtmlCache Behavior [ RunTime:0.000083s ]
INFO: Run ShowRuntime Behavior [ RunTime:0.000164s ]
INFO: [ view_filter ] --END-- [ RunTime:0.000616s ]
INFO: [ view_end ] --START--
INFO: Run ShowPageTrace Behavior [ RunTime:0.000226s ]
INFO: [ view_end ] --END-- [ RunTime:0.000274s ]

[ 2013-04-03T21:15:41+08:00 ] 0.0.0.0 /~Civi/Payment/
INFO: [ app_begin ] --START--
INFO: Run ReadHtmlCache Behavior [ RunTime:0.000238s ]
INFO: [ app_begin ] --END-- [ RunTime:0.000289s ]
INFO: [ view_template ] --START--
INFO: Run LocationTemplate Behavior [ RunTime:0.000130s ]
INFO: [ view_template ] --END-- [ RunTime:0.000176s ]
INFO: [ view_parse ] --START--
INFO: Run ParseTemplate Behavior [ RunTime:0.002800s ]
INFO: [ view_parse ] --END-- [ RunTime:0.002847s ]
INFO: [ view_filter ] --START--
INFO: Run ContentReplace Behavior [ RunTime:0.000144s ]
INFO: Run TokenBuild Behavior [ RunTime:0.000137s ]
INFO: Run WriteHtmlCache Behavior [ RunTime:0.000085s ]
INFO: Run ShowRuntime Behavior [ RunTime:0.000200s ]
INFO: [ view_filter ] --END-- [ RunTime:0.000659s ]
INFO: [ view_end ] --START--
INFO: Run ShowPageTrace Behavior [ RunTime:0.000241s ]
INFO: [ view_end ] --END-- [ RunTime:0.000273s ]

[ 2013-04-03T21:16:45+08:00 ] 0.0.0.0 /~Civi/Payment/
INFO: [ app_begin ] --START--
INFO: Run ReadHtmlCache Behavior [ RunTime:0.000272s ]
INFO: [ app_begin ] --END-- [ RunTime:0.000326s ]
INFO: [ view_template ] --START--
INFO: Run LocationTemplate Behavior [ RunTime:0.000121s ]
INFO: [ view_template ] --END-- [ RunTime:0.000158s ]
INFO: [ view_parse ] --START--
INFO: Run ParseTemplate Behavior [ RunTime:0.003444s ]
INFO: [ view_parse ] --END-- [ RunTime:0.003504s ]
INFO: [ view_filter ] --START--
INFO: Run ContentReplace Behavior [ RunTime:0.000156s ]
INFO: Run TokenBuild Behavior [ RunTime:0.000261s ]
INFO: Run WriteHtmlCache Behavior [ RunTime:0.000139s ]
INFO: Run ShowRuntime Behavior [ RunTime:0.000285s ]
INFO: [ view_filter ] --END-- [ RunTime:0.000986s ]
INFO: [ view_end ] --START--
INFO: Run ShowPageTrace Behavior [ RunTime:0.000381s ]
INFO: [ view_end ] --END-- [ RunTime:0.000435s ]

[ 2013-04-03T21:19:11+08:00 ] 0.0.0.0 /~Civi/Payment/
INFO: [ app_begin ] --START--
INFO: Run ReadHtmlCache Behavior [ RunTime:0.000261s ]
INFO: [ app_begin ] --END-- [ RunTime:0.000329s ]
INFO: [ view_template ] --START--
INFO: Run LocationTemplate Behavior [ RunTime:0.000183s ]
INFO: [ view_template ] --END-- [ RunTime:0.000231s ]
INFO: [ view_parse ] --START--
INFO: Run ParseTemplate Behavior [ RunTime:0.003222s ]
INFO: [ view_parse ] --END-- [ RunTime:0.003276s ]
INFO: [ view_filter ] --START--
INFO: Run ContentReplace Behavior [ RunTime:0.000190s ]
INFO: Run TokenBuild Behavior [ RunTime:0.000310s ]
INFO: Run WriteHtmlCache Behavior [ RunTime:0.000090s ]
INFO: Run ShowRuntime Behavior [ RunTime:0.000171s ]
INFO: [ view_filter ] --END-- [ RunTime:0.000862s ]
INFO: [ view_end ] --START--
INFO: Run ShowPageTrace Behavior [ RunTime:0.000238s ]
INFO: [ view_end ] --END-- [ RunTime:0.000270s ]

[ 2013-04-03T21:19:27+08:00 ] 0.0.0.0 /~Civi/Payment/
INFO: [ app_begin ] --START--
INFO: Run ReadHtmlCache Behavior [ RunTime:0.000326s ]
INFO: [ app_begin ] --END-- [ RunTime:0.000400s ]
INFO: [ view_template ] --START--
INFO: Run LocationTemplate Behavior [ RunTime:0.000186s ]
INFO: [ view_template ] --END-- [ RunTime:0.000235s ]
INFO: [ view_parse ] --START--
INFO: Run ParseTemplate Behavior [ RunTime:0.003730s ]
INFO: [ view_parse ] --END-- [ RunTime:0.003789s ]
INFO: [ view_filter ] --START--
INFO: Run ContentReplace Behavior [ RunTime:0.000181s ]
INFO: Run TokenBuild Behavior [ RunTime:0.000145s ]
INFO: Run WriteHtmlCache Behavior [ RunTime:0.000107s ]
INFO: Run ShowRuntime Behavior [ RunTime:0.000171s ]
INFO: [ view_filter ] --END-- [ RunTime:0.000714s ]
INFO: [ view_end ] --START--
INFO: Run ShowPageTrace Behavior [ RunTime:0.000237s ]
INFO: [ view_end ] --END-- [ RunTime:0.000267s ]

[ 2013-04-03T21:20:45+08:00 ] 0.0.0.0 /~Civi/Payment/
INFO: [ app_begin ] --START--
INFO: Run ReadHtmlCache Behavior [ RunTime:0.000217s ]
INFO: [ app_begin ] --END-- [ RunTime:0.000269s ]
INFO: [ view_template ] --START--
INFO: Run LocationTemplate Behavior [ RunTime:0.000128s ]
INFO: [ view_template ] --END-- [ RunTime:0.000185s ]
INFO: [ view_parse ] --START--
INFO: Run ParseTemplate Behavior [ RunTime:0.003357s ]
INFO: [ view_parse ] --END-- [ RunTime:0.003440s ]
INFO: [ view_filter ] --START--
INFO: Run ContentReplace Behavior [ RunTime:0.000200s ]
INFO: Run TokenBuild Behavior [ RunTime:0.000178s ]
INFO: Run WriteHtmlCache Behavior [ RunTime:0.000091s ]
INFO: Run ShowRuntime Behavior [ RunTime:0.000190s ]
INFO: [ view_filter ] --END-- [ RunTime:0.000756s ]
INFO: [ view_end ] --START--
INFO: Run ShowPageTrace Behavior [ RunTime:0.000244s ]
INFO: [ view_end ] --END-- [ RunTime:0.000276s ]

[ 2013-04-03T21:21:43+08:00 ] 0.0.0.0 /~Civi/Payment/
INFO: [ app_begin ] --START--
INFO: Run ReadHtmlCache Behavior [ RunTime:0.000530s ]
INFO: [ app_begin ] --END-- [ RunTime:0.000627s ]
INFO: [ view_template ] --START--
INFO: Run LocationTemplate Behavior [ RunTime:0.000302s ]
INFO: [ view_template ] --END-- [ RunTime:0.000428s ]
INFO: [ view_parse ] --START--
INFO: Run ParseTemplate Behavior [ RunTime:0.004128s ]
INFO: [ view_parse ] --END-- [ RunTime:0.004219s ]
INFO: [ view_filter ] --START--
INFO: Run ContentReplace Behavior [ RunTime:0.000227s ]
INFO: Run TokenBuild Behavior [ RunTime:0.000159s ]
INFO: Run WriteHtmlCache Behavior [ RunTime:0.000094s ]
INFO: Run ShowRuntime Behavior [ RunTime:0.000208s ]
INFO: [ view_filter ] --END-- [ RunTime:0.000815s ]
INFO: [ view_end ] --START--
INFO: Run ShowPageTrace Behavior [ RunTime:0.000342s ]
INFO: [ view_end ] --END-- [ RunTime:0.000392s ]

[ 2013-04-03T21:22:06+08:00 ] 0.0.0.0 /~Civi/Payment/
INFO: [ app_begin ] --START--
INFO: Run ReadHtmlCache Behavior [ RunTime:0.000290s ]
INFO: [ app_begin ] --END-- [ RunTime:0.000364s ]
INFO: [ view_template ] --START--
INFO: Run LocationTemplate Behavior [ RunTime:0.000121s ]
INFO: [ view_template ] --END-- [ RunTime:0.000155s ]
INFO: [ view_parse ] --START--
INFO: Run ParseTemplate Behavior [ RunTime:0.002728s ]
INFO: [ view_parse ] --END-- [ RunTime:0.002764s ]
INFO: [ view_filter ] --START--
INFO: Run ContentReplace Behavior [ RunTime:0.000129s ]
INFO: Run TokenBuild Behavior [ RunTime:0.000129s ]
INFO: Run WriteHtmlCache Behavior [ RunTime:0.000082s ]
INFO: Run ShowRuntime Behavior [ RunTime:0.000162s ]
INFO: [ view_filter ] --END-- [ RunTime:0.000583s ]
INFO: [ view_end ] --START--
INFO: Run ShowPageTrace Behavior [ RunTime:0.000251s ]
INFO: [ view_end ] --END-- [ RunTime:0.000280s ]

[ 2013-04-03T21:22:41+08:00 ] 0.0.0.0 /~Civi/Payment/
INFO: [ app_begin ] --START--
INFO: Run ReadHtmlCache Behavior [ RunTime:0.000199s ]
INFO: [ app_begin ] --END-- [ RunTime:0.000242s ]
INFO: [ view_template ] --START--
INFO: Run LocationTemplate Behavior [ RunTime:0.000113s ]
INFO: [ view_template ] --END-- [ RunTime:0.000146s ]
INFO: [ view_parse ] --START--
INFO: Run ParseTemplate Behavior [ RunTime:0.002737s ]
INFO: [ view_parse ] --END-- [ RunTime:0.002776s ]
INFO: [ view_filter ] --START--
INFO: Run ContentReplace Behavior [ RunTime:0.000126s ]
INFO: Run TokenBuild Behavior [ RunTime:0.000128s ]
INFO: Run WriteHtmlCache Behavior [ RunTime:0.000080s ]
INFO: Run ShowRuntime Behavior [ RunTime:0.000161s ]
INFO: [ view_filter ] --END-- [ RunTime:0.000577s ]
INFO: [ view_end ] --START--
INFO: Run ShowPageTrace Behavior [ RunTime:0.000225s ]
INFO: [ view_end ] --END-- [ RunTime:0.000255s ]

[ 2013-04-03T21:23:15+08:00 ] 0.0.0.0 /~Civi/Payment/
INFO: [ app_begin ] --START--
INFO: Run ReadHtmlCache Behavior [ RunTime:0.000287s ]
INFO: [ app_begin ] --END-- [ RunTime:0.000355s ]
INFO: [ view_template ] --START--
INFO: Run LocationTemplate Behavior [ RunTime:0.000128s ]
INFO: [ view_template ] --END-- [ RunTime:0.000162s ]
INFO: [ view_parse ] --START--
INFO: Run ParseTemplate Behavior [ RunTime:0.002735s ]
INFO: [ view_parse ] --END-- [ RunTime:0.002771s ]
INFO: [ view_filter ] --START--
INFO: Run ContentReplace Behavior [ RunTime:0.000161s ]
INFO: Run TokenBuild Behavior [ RunTime:0.000210s ]
INFO: Run WriteHtmlCache Behavior [ RunTime:0.000088s ]
INFO: Run ShowRuntime Behavior [ RunTime:0.000203s ]
INFO: [ view_filter ] --END-- [ RunTime:0.000785s ]
INFO: [ view_end ] --START--
INFO: Run ShowPageTrace Behavior [ RunTime:0.000349s ]
INFO: [ view_end ] --END-- [ RunTime:0.000394s ]

[ 2013-04-03T21:23:16+08:00 ] 0.0.0.0 /~Civi/Payment/
INFO: [ app_begin ] --START--
INFO: Run ReadHtmlCache Behavior [ RunTime:0.000215s ]
INFO: [ app_begin ] --END-- [ RunTime:0.000274s ]
INFO: [ view_template ] --START--
INFO: Run LocationTemplate Behavior [ RunTime:0.000119s ]
INFO: [ view_template ] --END-- [ RunTime:0.000154s ]
INFO: [ view_parse ] --START--
INFO: Run ParseTemplate Behavior [ RunTime:0.002707s ]
INFO: [ view_parse ] --END-- [ RunTime:0.002762s ]
INFO: [ view_filter ] --START--
INFO: Run ContentReplace Behavior [ RunTime:0.000159s ]
INFO: Run TokenBuild Behavior [ RunTime:0.000180s ]
INFO: Run WriteHtmlCache Behavior [ RunTime:0.000134s ]
INFO: Run ShowRuntime Behavior [ RunTime:0.000265s ]
INFO: [ view_filter ] --END-- [ RunTime:0.000863s ]
INFO: [ view_end ] --START--
INFO: Run ShowPageTrace Behavior [ RunTime:0.000366s ]
INFO: [ view_end ] --END-- [ RunTime:0.000417s ]

[ 2013-04-03T21:23:31+08:00 ] 0.0.0.0 /~Civi/Payment/
INFO: [ app_begin ] --START--
INFO: Run ReadHtmlCache Behavior [ RunTime:0.000224s ]
INFO: [ app_begin ] --END-- [ RunTime:0.000286s ]
INFO: [ view_template ] --START--
INFO: Run LocationTemplate Behavior [ RunTime:0.000142s ]
INFO: [ view_template ] --END-- [ RunTime:0.000177s ]
INFO: [ view_parse ] --START--
INFO: Run ParseTemplate Behavior [ RunTime:0.002937s ]
INFO: [ view_parse ] --END-- [ RunTime:0.002985s ]
INFO: [ view_filter ] --START--
INFO: Run ContentReplace Behavior [ RunTime:0.000147s ]
INFO: Run TokenBuild Behavior [ RunTime:0.000150s ]
INFO: Run WriteHtmlCache Behavior [ RunTime:0.000129s ]
INFO: Run ShowRuntime Behavior [ RunTime:0.000301s ]
INFO: [ view_filter ] --END-- [ RunTime:0.000842s ]
INFO: [ view_end ] --START--
INFO: Run ShowPageTrace Behavior [ RunTime:0.000375s ]
INFO: [ view_end ] --END-- [ RunTime:0.000427s ]

[ 2013-04-03T21:23:32+08:00 ] 0.0.0.0 /~Civi/Payment/
INFO: [ app_begin ] --START--
INFO: Run ReadHtmlCache Behavior [ RunTime:0.000194s ]
INFO: [ app_begin ] --END-- [ RunTime:0.000236s ]
INFO: [ view_template ] --START--
INFO: Run LocationTemplate Behavior [ RunTime:0.000110s ]
INFO: [ view_template ] --END-- [ RunTime:0.000143s ]
INFO: [ view_parse ] --START--
INFO: Run ParseTemplate Behavior [ RunTime:0.002780s ]
INFO: [ view_parse ] --END-- [ RunTime:0.002815s ]
INFO: [ view_filter ] --START--
INFO: Run ContentReplace Behavior [ RunTime:0.000152s ]
INFO: Run TokenBuild Behavior [ RunTime:0.000170s ]
INFO: Run WriteHtmlCache Behavior [ RunTime:0.000118s ]
INFO: Run ShowRuntime Behavior [ RunTime:0.000172s ]
INFO: [ view_filter ] --END-- [ RunTime:0.000704s ]
INFO: [ view_end ] --START--
INFO: Run ShowPageTrace Behavior [ RunTime:0.000228s ]
INFO: [ view_end ] --END-- [ RunTime:0.000263s ]

[ 2013-04-03T21:24:54+08:00 ] 0.0.0.0 /~Civi/Payment/
INFO: [ app_begin ] --START--
INFO: Run ReadHtmlCache Behavior [ RunTime:0.000359s ]
INFO: [ app_begin ] --END-- [ RunTime:0.000436s ]
INFO: [ view_template ] --START--
INFO: Run LocationTemplate Behavior [ RunTime:0.000204s ]
INFO: [ view_template ] --END-- [ RunTime:0.000264s ]
INFO: [ view_parse ] --START--
INFO: Run ParseTemplate Behavior [ RunTime:0.005158s ]
INFO: [ view_parse ] --END-- [ RunTime:0.005234s ]
INFO: [ view_filter ] --START--
INFO: Run ContentReplace Behavior [ RunTime:0.000243s ]
INFO: Run TokenBuild Behavior [ RunTime:0.000253s ]
INFO: Run WriteHtmlCache Behavior [ RunTime:0.000140s ]
INFO: Run ShowRuntime Behavior [ RunTime:0.000282s ]
INFO: [ view_filter ] --END-- [ RunTime:0.001079s ]
INFO: [ view_end ] --START--
INFO: Run ShowPageTrace Behavior [ RunTime:0.000483s ]
INFO: [ view_end ] --END-- [ RunTime:0.000544s ]

[ 2013-04-03T21:24:54+08:00 ] 0.0.0.0 /~Civi/Payment/
INFO: [ app_begin ] --START--
INFO: Run ReadHtmlCache Behavior [ RunTime:0.000224s ]
INFO: [ app_begin ] --END-- [ RunTime:0.000288s ]
INFO: [ view_template ] --START--
INFO: Run LocationTemplate Behavior [ RunTime:0.000153s ]
INFO: [ view_template ] --END-- [ RunTime:0.000197s ]
INFO: [ view_parse ] --START--
INFO: Run ParseTemplate Behavior [ RunTime:0.003217s ]
INFO: [ view_parse ] --END-- [ RunTime:0.003267s ]
INFO: [ view_filter ] --START--
INFO: Run ContentReplace Behavior [ RunTime:0.000158s ]
INFO: Run TokenBuild Behavior [ RunTime:0.000139s ]
INFO: Run WriteHtmlCache Behavior [ RunTime:0.000095s ]
INFO: Run ShowRuntime Behavior [ RunTime:0.000176s ]
INFO: [ view_filter ] --END-- [ RunTime:0.000677s ]
INFO: [ view_end ] --START--
INFO: Run ShowPageTrace Behavior [ RunTime:0.000260s ]
INFO: [ view_end ] --END-- [ RunTime:0.000293s ]

[ 2013-04-03T21:26:23+08:00 ] 0.0.0.0 /~Civi/Payment/
INFO: [ app_begin ] --START--
INFO: Run ReadHtmlCache Behavior [ RunTime:0.000256s ]
INFO: [ app_begin ] --END-- [ RunTime:0.000312s ]
INFO: [ view_template ] --START--
INFO: Run LocationTemplate Behavior [ RunTime:0.000138s ]
INFO: [ view_template ] --END-- [ RunTime:0.000175s ]
INFO: [ view_parse ] --START--
INFO: Run ParseTemplate Behavior [ RunTime:0.002882s ]
INFO: [ view_parse ] --END-- [ RunTime:0.002928s ]
INFO: [ view_filter ] --START--
INFO: Run ContentReplace Behavior [ RunTime:0.000157s ]
INFO: Run TokenBuild Behavior [ RunTime:0.000139s ]
INFO: Run WriteHtmlCache Behavior [ RunTime:0.000087s ]
INFO: Run ShowRuntime Behavior [ RunTime:0.000174s ]
INFO: [ view_filter ] --END-- [ RunTime:0.000649s ]
INFO: [ view_end ] --START--
INFO: Run ShowPageTrace Behavior [ RunTime:0.000281s ]
INFO: [ view_end ] --END-- [ RunTime:0.000314s ]

[ 2013-04-03T21:28:13+08:00 ] 0.0.0.0 /~Civi/Payment/
INFO: [ app_begin ] --START--
INFO: Run ReadHtmlCache Behavior [ RunTime:0.000349s ]
INFO: [ app_begin ] --END-- [ RunTime:0.000426s ]
INFO: [ view_template ] --START--
INFO: Run LocationTemplate Behavior [ RunTime:0.000205s ]
INFO: [ view_template ] --END-- [ RunTime:0.000269s ]
INFO: [ view_parse ] --START--
INFO: Run ParseTemplate Behavior [ RunTime:0.002987s ]
INFO: [ view_parse ] --END-- [ RunTime:0.003035s ]
INFO: [ view_filter ] --START--
INFO: Run ContentReplace Behavior [ RunTime:0.000159s ]
INFO: Run TokenBuild Behavior [ RunTime:0.000140s ]
INFO: Run WriteHtmlCache Behavior [ RunTime:0.000088s ]
INFO: Run ShowRuntime Behavior [ RunTime:0.000175s ]
INFO: [ view_filter ] --END-- [ RunTime:0.000652s ]
INFO: [ view_end ] --START--
INFO: Run ShowPageTrace Behavior [ RunTime:0.000244s ]
INFO: [ view_end ] --END-- [ RunTime:0.000278s ]

[ 2013-04-03T21:28:36+08:00 ] 0.0.0.0 /~Civi/Payment/
INFO: [ app_begin ] --START--
INFO: Run ReadHtmlCache Behavior [ RunTime:0.000208s ]
INFO: [ app_begin ] --END-- [ RunTime:0.000252s ]
INFO: [ view_template ] --START--
INFO: Run LocationTemplate Behavior [ RunTime:0.000111s ]
INFO: [ view_template ] --END-- [ RunTime:0.000144s ]
INFO: [ view_parse ] --START--
INFO: Run ParseTemplate Behavior [ RunTime:0.002652s ]
INFO: [ view_parse ] --END-- [ RunTime:0.002684s ]
INFO: [ view_filter ] --START--
INFO: Run ContentReplace Behavior [ RunTime:0.000126s ]
INFO: Run TokenBuild Behavior [ RunTime:0.000145s ]
INFO: Run WriteHtmlCache Behavior [ RunTime:0.000101s ]
INFO: Run ShowRuntime Behavior [ RunTime:0.000201s ]
INFO: [ view_filter ] --END-- [ RunTime:0.000686s ]
INFO: [ view_end ] --START--
INFO: Run ShowPageTrace Behavior [ RunTime:0.000217s ]
INFO: [ view_end ] --END-- [ RunTime:0.000248s ]

[ 2013-04-03T21:28:37+08:00 ] 0.0.0.0 /~Civi/Payment/
INFO: [ app_begin ] --START--
INFO: Run ReadHtmlCache Behavior [ RunTime:0.000223s ]
INFO: [ app_begin ] --END-- [ RunTime:0.000287s ]
INFO: [ view_template ] --START--
INFO: Run LocationTemplate Behavior [ RunTime:0.000120s ]
INFO: [ view_template ] --END-- [ RunTime:0.000155s ]
INFO: [ view_parse ] --START--
INFO: Run ParseTemplate Behavior [ RunTime:0.003203s ]
INFO: [ view_parse ] --END-- [ RunTime:0.003263s ]
INFO: [ view_filter ] --START--
INFO: Run ContentReplace Behavior [ RunTime:0.000169s ]
INFO: Run TokenBuild Behavior [ RunTime:0.000139s ]
INFO: Run WriteHtmlCache Behavior [ RunTime:0.000089s ]
INFO: Run ShowRuntime Behavior [ RunTime:0.000233s ]
INFO: [ view_filter ] --END-- [ RunTime:0.000747s ]
INFO: [ view_end ] --START--
INFO: Run ShowPageTrace Behavior [ RunTime:0.000233s ]
INFO: [ view_end ] --END-- [ RunTime:0.000265s ]

[ 2013-04-03T21:28:46+08:00 ] 0.0.0.0 /~Civi/Payment/
INFO: [ app_begin ] --START--
INFO: Run ReadHtmlCache Behavior [ RunTime:0.000352s ]
INFO: [ app_begin ] --END-- [ RunTime:0.000429s ]
INFO: [ view_template ] --START--
INFO: Run LocationTemplate Behavior [ RunTime:0.000190s ]
INFO: [ view_template ] --END-- [ RunTime:0.000250s ]
INFO: [ view_parse ] --START--
INFO: Run ParseTemplate Behavior [ RunTime:0.004558s ]
INFO: [ view_parse ] --END-- [ RunTime:0.004641s ]
INFO: [ view_filter ] --START--
INFO: Run ContentReplace Behavior [ RunTime:0.000253s ]
INFO: Run TokenBuild Behavior [ RunTime:0.000225s ]
INFO: Run WriteHtmlCache Behavior [ RunTime:0.000138s ]
INFO: Run ShowRuntime Behavior [ RunTime:0.000327s ]
INFO: [ view_filter ] --END-- [ RunTime:0.001120s ]
INFO: [ view_end ] --START--
INFO: Run ShowPageTrace Behavior [ RunTime:0.000507s ]
INFO: [ view_end ] --END-- [ RunTime:0.000585s ]

[ 2013-04-03T21:29:15+08:00 ] 0.0.0.0 /~Civi/Payment/
INFO: [ app_begin ] --START--
INFO: Run ReadHtmlCache Behavior [ RunTime:0.000237s ]
INFO: [ app_begin ] --END-- [ RunTime:0.000300s ]
INFO: [ view_template ] --START--
INFO: Run LocationTemplate Behavior [ RunTime:0.000122s ]
INFO: [ view_template ] --END-- [ RunTime:0.000157s ]
INFO: [ view_parse ] --START--
INFO: Run ParseTemplate Behavior [ RunTime:0.002891s ]
INFO: [ view_parse ] --END-- [ RunTime:0.002938s ]
INFO: [ view_filter ] --START--
INFO: Run ContentReplace Behavior [ RunTime:0.000150s ]
INFO: Run TokenBuild Behavior [ RunTime:0.000142s ]
INFO: Run WriteHtmlCache Behavior [ RunTime:0.000098s ]
INFO: Run ShowRuntime Behavior [ RunTime:0.000177s ]
INFO: [ view_filter ] --END-- [ RunTime:0.000661s ]
INFO: [ view_end ] --START--
INFO: Run ShowPageTrace Behavior [ RunTime:0.000232s ]
INFO: [ view_end ] --END-- [ RunTime:0.000264s ]

[ 2013-04-03T21:29:24+08:00 ] 0.0.0.0 /~Civi/Payment/
INFO: [ app_begin ] --START--
INFO: Run ReadHtmlCache Behavior [ RunTime:0.000347s ]
INFO: [ app_begin ] --END-- [ RunTime:0.000436s ]
INFO: [ view_template ] --START--
INFO: Run LocationTemplate Behavior [ RunTime:0.000314s ]
INFO: [ view_template ] --END-- [ RunTime:0.000386s ]
INFO: [ view_parse ] --START--
INFO: Run ParseTemplate Behavior [ RunTime:0.005359s ]
INFO: [ view_parse ] --END-- [ RunTime:0.005444s ]
INFO: [ view_filter ] --START--
INFO: Run ContentReplace Behavior [ RunTime:0.000207s ]
INFO: Run TokenBuild Behavior [ RunTime:0.000143s ]
INFO: Run WriteHtmlCache Behavior [ RunTime:0.000089s ]
INFO: Run ShowRuntime Behavior [ RunTime:0.000177s ]
INFO: [ view_filter ] --END-- [ RunTime:0.000744s ]
INFO: [ view_end ] --START--
INFO: Run ShowPageTrace Behavior [ RunTime:0.000254s ]
INFO: [ view_end ] --END-- [ RunTime:0.000295s ]

[ 2013-04-03T21:29:55+08:00 ] 0.0.0.0 /~Civi/Payment/
INFO: [ app_begin ] --START--
INFO: Run ReadHtmlCache Behavior [ RunTime:0.000222s ]
INFO: [ app_begin ] --END-- [ RunTime:0.000277s ]
INFO: [ view_template ] --START--
INFO: Run LocationTemplate Behavior [ RunTime:0.000152s ]
INFO: [ view_template ] --END-- [ RunTime:0.000197s ]
INFO: [ view_parse ] --START--
INFO: Run ParseTemplate Behavior [ RunTime:0.004695s ]
INFO: [ view_parse ] --END-- [ RunTime:0.004777s ]
INFO: [ view_filter ] --START--
INFO: Run ContentReplace Behavior [ RunTime:0.000393s ]
INFO: Run TokenBuild Behavior [ RunTime:0.000416s ]
INFO: Run WriteHtmlCache Behavior [ RunTime:0.000219s ]
INFO: Run ShowRuntime Behavior [ RunTime:0.000359s ]
INFO: [ view_filter ] --END-- [ RunTime:0.001691s ]
INFO: [ view_end ] --START--
INFO: Run ShowPageTrace Behavior [ RunTime:0.000553s ]
INFO: [ view_end ] --END-- [ RunTime:0.000638s ]

[ 2013-04-03T21:29:56+08:00 ] 0.0.0.0 /~Civi/Payment/
INFO: [ app_begin ] --START--
INFO: Run ReadHtmlCache Behavior [ RunTime:0.000321s ]
INFO: [ app_begin ] --END-- [ RunTime:0.000397s ]
INFO: [ view_template ] --START--
INFO: Run LocationTemplate Behavior [ RunTime:0.000182s ]
INFO: [ view_template ] --END-- [ RunTime:0.000240s ]
INFO: [ view_parse ] --START--
INFO: Run ParseTemplate Behavior [ RunTime:0.005160s ]
INFO: [ view_parse ] --END-- [ RunTime:0.005218s ]
INFO: [ view_filter ] --START--
INFO: Run ContentReplace Behavior [ RunTime:0.000153s ]
INFO: Run TokenBuild Behavior [ RunTime:0.000148s ]
INFO: Run WriteHtmlCache Behavior [ RunTime:0.000096s ]
INFO: Run ShowRuntime Behavior [ RunTime:0.000175s ]
INFO: [ view_filter ] --END-- [ RunTime:0.000672s ]
INFO: [ view_end ] --START--
INFO: Run ShowPageTrace Behavior [ RunTime:0.000231s ]
INFO: [ view_end ] --END-- [ RunTime:0.000262s ]

[ 2013-04-03T21:30:15+08:00 ] 0.0.0.0 /~Civi/Payment/
INFO: [ app_begin ] --START--
INFO: Run ReadHtmlCache Behavior [ RunTime:0.000258s ]
INFO: [ app_begin ] --END-- [ RunTime:0.000333s ]
INFO: [ view_template ] --START--
INFO: Run LocationTemplate Behavior [ RunTime:0.000123s ]
INFO: [ view_template ] --END-- [ RunTime:0.000160s ]
INFO: [ view_parse ] --START--
INFO: Run ParseTemplate Behavior [ RunTime:0.003836s ]
INFO: [ view_parse ] --END-- [ RunTime:0.003902s ]
INFO: [ view_filter ] --START--
INFO: Run ContentReplace Behavior [ RunTime:0.000237s ]
INFO: Run TokenBuild Behavior [ RunTime:0.000208s ]
INFO: Run WriteHtmlCache Behavior [ RunTime:0.000145s ]
INFO: Run ShowRuntime Behavior [ RunTime:0.000270s ]
INFO: [ view_filter ] --END-- [ RunTime:0.001016s ]
INFO: [ view_end ] --START--
INFO: Run ShowPageTrace Behavior [ RunTime:0.000362s ]
INFO: [ view_end ] --END-- [ RunTime:0.000416s ]

[ 2013-04-03T21:30:30+08:00 ] 0.0.0.0 /~Civi/Payment/
INFO: [ app_begin ] --START--
INFO: Run ReadHtmlCache Behavior [ RunTime:0.000339s ]
INFO: [ app_begin ] --END-- [ RunTime:0.000413s ]
INFO: [ view_template ] --START--
INFO: Run LocationTemplate Behavior [ RunTime:0.000201s ]
INFO: [ view_template ] --END-- [ RunTime:0.000259s ]
INFO: [ view_parse ] --START--
INFO: Run ParseTemplate Behavior [ RunTime:0.004383s ]
INFO: [ view_parse ] --END-- [ RunTime:0.004440s ]
INFO: [ view_filter ] --START--
INFO: Run ContentReplace Behavior [ RunTime:0.000159s ]
INFO: Run TokenBuild Behavior [ RunTime:0.000138s ]
INFO: Run WriteHtmlCache Behavior [ RunTime:0.000085s ]
INFO: Run ShowRuntime Behavior [ RunTime:0.000175s ]
INFO: [ view_filter ] --END-- [ RunTime:0.000647s ]
INFO: [ view_end ] --START--
INFO: Run ShowPageTrace Behavior [ RunTime:0.000232s ]
INFO: [ view_end ] --END-- [ RunTime:0.000263s ]

[ 2013-04-03T21:30:51+08:00 ] 0.0.0.0 /~Civi/Payment/
INFO: [ app_begin ] --START--
INFO: Run ReadHtmlCache Behavior [ RunTime:0.000373s ]
INFO: [ app_begin ] --END-- [ RunTime:0.000459s ]
INFO: [ view_template ] --START--
INFO: Run LocationTemplate Behavior [ RunTime:0.000205s ]
INFO: [ view_template ] --END-- [ RunTime:0.000271s ]
INFO: [ view_parse ] --START--
INFO: Run ParseTemplate Behavior [ RunTime:0.003795s ]
INFO: [ view_parse ] --END-- [ RunTime:0.003869s ]
INFO: [ view_filter ] --START--
INFO: Run ContentReplace Behavior [ RunTime:0.000227s ]
INFO: Run TokenBuild Behavior [ RunTime:0.000255s ]
INFO: Run WriteHtmlCache Behavior [ RunTime:0.000142s ]
INFO: Run ShowRuntime Behavior [ RunTime:0.000284s ]
INFO: [ view_filter ] --END-- [ RunTime:0.001051s ]
INFO: [ view_end ] --START--
INFO: Run ShowPageTrace Behavior [ RunTime:0.000543s ]
INFO: [ view_end ] --END-- [ RunTime:0.000611s ]

[ 2013-04-03T21:31:57+08:00 ] 0.0.0.0 /~Civi/Payment/
INFO: [ app_begin ] --START--
INFO: Run ReadHtmlCache Behavior [ RunTime:0.000199s ]
INFO: [ app_begin ] --END-- [ RunTime:0.000244s ]
INFO: [ view_template ] --START--
INFO: Run LocationTemplate Behavior [ RunTime:0.000158s ]
INFO: [ view_template ] --END-- [ RunTime:0.000193s ]
INFO: [ view_parse ] --START--
INFO: Run ParseTemplate Behavior [ RunTime:0.002678s ]
INFO: [ view_parse ] --END-- [ RunTime:0.002716s ]
INFO: [ view_filter ] --START--
INFO: Run ContentReplace Behavior [ RunTime:0.000126s ]
INFO: Run TokenBuild Behavior [ RunTime:0.000130s ]
INFO: Run WriteHtmlCache Behavior [ RunTime:0.000082s ]
INFO: Run ShowRuntime Behavior [ RunTime:0.000162s ]
INFO: [ view_filter ] --END-- [ RunTime:0.000583s ]
INFO: [ view_end ] --START--
INFO: Run ShowPageTrace Behavior [ RunTime:0.000259s ]
INFO: [ view_end ] --END-- [ RunTime:0.000288s ]

[ 2013-04-03T21:32:07+08:00 ] 0.0.0.0 /~Civi/Payment/
INFO: [ app_begin ] --START--
INFO: Run ReadHtmlCache Behavior [ RunTime:0.000324s ]
INFO: [ app_begin ] --END-- [ RunTime:0.000393s ]
INFO: [ view_template ] --START--
INFO: Run LocationTemplate Behavior [ RunTime:0.000184s ]
INFO: [ view_template ] --END-- [ RunTime:0.000241s ]
INFO: [ view_parse ] --START--
INFO: Run ParseTemplate Behavior [ RunTime:0.004762s ]
INFO: [ view_parse ] --END-- [ RunTime:0.004840s ]
INFO: [ view_filter ] --START--
INFO: Run ContentReplace Behavior [ RunTime:0.000253s ]
INFO: Run TokenBuild Behavior [ RunTime:0.000213s ]
INFO: Run WriteHtmlCache Behavior [ RunTime:0.000127s ]
INFO: Run ShowRuntime Behavior [ RunTime:0.000269s ]
INFO: [ view_filter ] --END-- [ RunTime:0.000995s ]
INFO: [ view_end ] --START--
INFO: Run ShowPageTrace Behavior [ RunTime:0.000368s ]
INFO: [ view_end ] --END-- [ RunTime:0.000423s ]

[ 2013-04-03T21:32:31+08:00 ] 0.0.0.0 /~Civi/Payment/
INFO: [ app_begin ] --START--
INFO: Run ReadHtmlCache Behavior [ RunTime:0.000246s ]
INFO: [ app_begin ] --END-- [ RunTime:0.000292s ]
INFO: [ view_template ] --START--
INFO: Run LocationTemplate Behavior [ RunTime:0.000140s ]
INFO: [ view_template ] --END-- [ RunTime:0.000183s ]
INFO: [ view_parse ] --START--
INFO: Run ParseTemplate Behavior [ RunTime:0.004689s ]
INFO: [ view_parse ] --END-- [ RunTime:0.004759s ]
INFO: [ view_filter ] --START--
INFO: Run ContentReplace Behavior [ RunTime:0.000257s ]
INFO: Run TokenBuild Behavior [ RunTime:0.000196s ]
INFO: Run WriteHtmlCache Behavior [ RunTime:0.000128s ]
INFO: Run ShowRuntime Behavior [ RunTime:0.000187s ]
INFO: [ view_filter ] --END-- [ RunTime:0.000898s ]
INFO: [ view_end ] --START--
INFO: Run ShowPageTrace Behavior [ RunTime:0.000221s ]
INFO: [ view_end ] --END-- [ RunTime:0.000250s ]

[ 2013-04-03T21:33:11+08:00 ] 0.0.0.0 /~Civi/Payment/
INFO: [ app_begin ] --START--
INFO: Run ReadHtmlCache Behavior [ RunTime:0.000197s ]
INFO: [ app_begin ] --END-- [ RunTime:0.000239s ]
INFO: [ view_template ] --START--
INFO: Run LocationTemplate Behavior [ RunTime:0.000112s ]
INFO: [ view_template ] --END-- [ RunTime:0.000145s ]
INFO: [ view_parse ] --START--
INFO: Run ParseTemplate Behavior [ RunTime:0.002708s ]
INFO: [ view_parse ] --END-- [ RunTime:0.002745s ]
INFO: [ view_filter ] --START--
INFO: Run ContentReplace Behavior [ RunTime:0.000146s ]
INFO: Run TokenBuild Behavior [ RunTime:0.000136s ]
INFO: Run WriteHtmlCache Behavior [ RunTime:0.000086s ]
INFO: Run ShowRuntime Behavior [ RunTime:0.000173s ]
INFO: [ view_filter ] --END-- [ RunTime:0.000630s ]
INFO: [ view_end ] --START--
INFO: Run ShowPageTrace Behavior [ RunTime:0.000249s ]
INFO: [ view_end ] --END-- [ RunTime:0.000289s ]

[ 2013-04-03T21:33:56+08:00 ] 0.0.0.0 /~Civi/Payment/
INFO: [ app_begin ] --START--
INFO: Run ReadHtmlCache Behavior [ RunTime:0.000201s ]
INFO: [ app_begin ] --END-- [ RunTime:0.000264s ]
INFO: [ view_template ] --START--
INFO: Run LocationTemplate Behavior [ RunTime:0.000111s ]
INFO: [ view_template ] --END-- [ RunTime:0.000145s ]
INFO: [ view_parse ] --START--
INFO: Run ParseTemplate Behavior [ RunTime:0.002784s ]
INFO: [ view_parse ] --END-- [ RunTime:0.002817s ]
INFO: [ view_filter ] --START--
INFO: Run ContentReplace Behavior [ RunTime:0.000150s ]
INFO: Run TokenBuild Behavior [ RunTime:0.000127s ]
INFO: Run WriteHtmlCache Behavior [ RunTime:0.000079s ]
INFO: Run ShowRuntime Behavior [ RunTime:0.000160s ]
INFO: [ view_filter ] --END-- [ RunTime:0.000596s ]
INFO: [ view_end ] --START--
INFO: Run ShowPageTrace Behavior [ RunTime:0.000214s ]
INFO: [ view_end ] --END-- [ RunTime:0.000242s ]

[ 2013-04-03T21:33:57+08:00 ] 0.0.0.0 /~Civi/Payment/
INFO: [ app_begin ] --START--
INFO: Run ReadHtmlCache Behavior [ RunTime:0.000238s ]
INFO: [ app_begin ] --END-- [ RunTime:0.000297s ]
INFO: [ view_template ] --START--
INFO: Run LocationTemplate Behavior [ RunTime:0.000116s ]
INFO: [ view_template ] --END-- [ RunTime:0.000150s ]
INFO: [ view_parse ] --START--
INFO: Run ParseTemplate Behavior [ RunTime:0.002823s ]
INFO: [ view_parse ] --END-- [ RunTime:0.002862s ]
INFO: [ view_filter ] --START--
INFO: Run ContentReplace Behavior [ RunTime:0.000195s ]
INFO: Run TokenBuild Behavior [ RunTime:0.000196s ]
INFO: Run WriteHtmlCache Behavior [ RunTime:0.000118s ]
INFO: Run ShowRuntime Behavior [ RunTime:0.000278s ]
INFO: [ view_filter ] --END-- [ RunTime:0.000930s ]
INFO: [ view_end ] --START--
INFO: Run ShowPageTrace Behavior [ RunTime:0.000410s ]
INFO: [ view_end ] --END-- [ RunTime:0.000468s ]

[ 2013-04-03T21:34:08+08:00 ] 0.0.0.0 /~Civi/Payment/
INFO: [ app_begin ] --START--
INFO: Run ReadHtmlCache Behavior [ RunTime:0.000224s ]
INFO: [ app_begin ] --END-- [ RunTime:0.000284s ]
INFO: [ view_template ] --START--
INFO: Run LocationTemplate Behavior [ RunTime:0.000122s ]
INFO: [ view_template ] --END-- [ RunTime:0.000158s ]
INFO: [ view_parse ] --START--
INFO: Run ParseTemplate Behavior [ RunTime:0.002872s ]
INFO: [ view_parse ] --END-- [ RunTime:0.002918s ]
INFO: [ view_filter ] --START--
INFO: Run ContentReplace Behavior [ RunTime:0.000149s ]
INFO: Run TokenBuild Behavior [ RunTime:0.000140s ]
INFO: Run WriteHtmlCache Behavior [ RunTime:0.000087s ]
INFO: Run ShowRuntime Behavior [ RunTime:0.000320s ]
INFO: [ view_filter ] --END-- [ RunTime:0.000799s ]
INFO: [ view_end ] --START--
INFO: Run ShowPageTrace Behavior [ RunTime:0.000413s ]
INFO: [ view_end ] --END-- [ RunTime:0.000467s ]

[ 2013-04-03T21:35:19+08:00 ] 0.0.0.0 /~Civi/Payment/
INFO: [ app_begin ] --START--
INFO: Run ReadHtmlCache Behavior [ RunTime:0.000235s ]
INFO: [ app_begin ] --END-- [ RunTime:0.000287s ]
INFO: [ view_template ] --START--
INFO: Run LocationTemplate Behavior [ RunTime:0.000125s ]
INFO: [ view_template ] --END-- [ RunTime:0.000160s ]
INFO: [ view_parse ] --START--
INFO: Run ParseTemplate Behavior [ RunTime:0.003494s ]
INFO: [ view_parse ] --END-- [ RunTime:0.003561s ]
INFO: [ view_filter ] --START--
INFO: Run ContentReplace Behavior [ RunTime:0.000227s ]
INFO: Run TokenBuild Behavior [ RunTime:0.000199s ]
INFO: Run WriteHtmlCache Behavior [ RunTime:0.000291s ]
INFO: Run ShowRuntime Behavior [ RunTime:0.000243s ]
INFO: [ view_filter ] --END-- [ RunTime:0.001096s ]
INFO: [ view_end ] --START--
INFO: Run ShowPageTrace Behavior [ RunTime:0.000404s ]
INFO: [ view_end ] --END-- [ RunTime:0.000463s ]

[ 2013-04-03T21:35:47+08:00 ] 0.0.0.0 /~Civi/Payment/
INFO: [ app_begin ] --START--
INFO: Run ReadHtmlCache Behavior [ RunTime:0.000261s ]
INFO: [ app_begin ] --END-- [ RunTime:0.000317s ]
INFO: [ view_template ] --START--
INFO: Run LocationTemplate Behavior [ RunTime:0.000165s ]
INFO: [ view_template ] --END-- [ RunTime:0.000214s ]
INFO: [ view_parse ] --START--
INFO: Run ParseTemplate Behavior [ RunTime:0.003269s ]
INFO: [ view_parse ] --END-- [ RunTime:0.003337s ]
INFO: [ view_filter ] --START--
INFO: Run ContentReplace Behavior [ RunTime:0.000241s ]
INFO: Run TokenBuild Behavior [ RunTime:0.000215s ]
INFO: Run WriteHtmlCache Behavior [ RunTime:0.000133s ]
INFO: Run ShowRuntime Behavior [ RunTime:0.000217s ]
INFO: [ view_filter ] --END-- [ RunTime:0.000938s ]
INFO: [ view_end ] --START--
INFO: Run ShowPageTrace Behavior [ RunTime:0.000376s ]
INFO: [ view_end ] --END-- [ RunTime:0.000425s ]

[ 2013-04-03T21:35:48+08:00 ] 0.0.0.0 /~Civi/Payment/
INFO: [ app_begin ] --START--
INFO: Run ReadHtmlCache Behavior [ RunTime:0.000459s ]
INFO: [ app_begin ] --END-- [ RunTime:0.000552s ]
INFO: [ view_template ] --START--
INFO: Run LocationTemplate Behavior [ RunTime:0.000276s ]
INFO: [ view_template ] --END-- [ RunTime:0.000373s ]
INFO: [ view_parse ] --START--
INFO: Run ParseTemplate Behavior [ RunTime:0.004407s ]
INFO: [ view_parse ] --END-- [ RunTime:0.004479s ]
INFO: [ view_filter ] --START--
INFO: Run ContentReplace Behavior [ RunTime:0.000152s ]
INFO: Run TokenBuild Behavior [ RunTime:0.000140s ]
INFO: Run WriteHtmlCache Behavior [ RunTime:0.000086s ]
INFO: Run ShowRuntime Behavior [ RunTime:0.000190s ]
INFO: [ view_filter ] --END-- [ RunTime:0.000659s ]
INFO: [ view_end ] --START--
INFO: Run ShowPageTrace Behavior [ RunTime:0.000232s ]
INFO: [ view_end ] --END-- [ RunTime:0.000262s ]

[ 2013-04-03T21:36:09+08:00 ] 0.0.0.0 /~Civi/Payment/
INFO: [ app_begin ] --START--
INFO: Run ReadHtmlCache Behavior [ RunTime:0.000376s ]
INFO: [ app_begin ] --END-- [ RunTime:0.000453s ]
INFO: [ view_template ] --START--
INFO: Run LocationTemplate Behavior [ RunTime:0.000196s ]
INFO: [ view_template ] --END-- [ RunTime:0.000255s ]
INFO: [ view_parse ] --START--
INFO: Run ParseTemplate Behavior [ RunTime:0.004435s ]
INFO: [ view_parse ] --END-- [ RunTime:0.004517s ]
INFO: [ view_filter ] --START--
INFO: Run ContentReplace Behavior [ RunTime:0.000226s ]
INFO: Run TokenBuild Behavior [ RunTime:0.000209s ]
INFO: Run WriteHtmlCache Behavior [ RunTime:0.000127s ]
INFO: Run ShowRuntime Behavior [ RunTime:0.000287s ]
INFO: [ view_filter ] --END-- [ RunTime:0.001006s ]
INFO: [ view_end ] --START--
INFO: Run ShowPageTrace Behavior [ RunTime:0.000374s ]
INFO: [ view_end ] --END-- [ RunTime:0.000435s ]

[ 2013-04-03T21:36:25+08:00 ] 0.0.0.0 /~Civi/Payment/
INFO: [ app_begin ] --START--
INFO: Run ReadHtmlCache Behavior [ RunTime:0.000230s ]
INFO: [ app_begin ] --END-- [ RunTime:0.000302s ]
INFO: [ view_template ] --START--
INFO: Run LocationTemplate Behavior [ RunTime:0.000126s ]
INFO: [ view_template ] --END-- [ RunTime:0.000163s ]
INFO: [ view_parse ] --START--
INFO: Run ParseTemplate Behavior [ RunTime:0.003202s ]
INFO: [ view_parse ] --END-- [ RunTime:0.003261s ]
INFO: [ view_filter ] --START--
INFO: Run ContentReplace Behavior [ RunTime:0.000240s ]
INFO: Run TokenBuild Behavior [ RunTime:0.000209s ]
INFO: Run WriteHtmlCache Behavior [ RunTime:0.000127s ]
INFO: Run ShowRuntime Behavior [ RunTime:0.000205s ]
INFO: [ view_filter ] --END-- [ RunTime:0.000921s ]
INFO: [ view_end ] --START--
INFO: Run ShowPageTrace Behavior [ RunTime:0.000383s ]
INFO: [ view_end ] --END-- [ RunTime:0.000442s ]

[ 2013-04-03T21:37:32+08:00 ] 0.0.0.0 /~Civi/Payment/
INFO: [ app_begin ] --START--
INFO: Run ReadHtmlCache Behavior [ RunTime:0.000276s ]
INFO: [ app_begin ] --END-- [ RunTime:0.000329s ]
INFO: [ view_template ] --START--
INFO: Run LocationTemplate Behavior [ RunTime:0.000127s ]
INFO: [ view_template ] --END-- [ RunTime:0.000164s ]
INFO: [ view_parse ] --START--
INFO: Run ParseTemplate Behavior [ RunTime:0.003184s ]
INFO: [ view_parse ] --END-- [ RunTime:0.003247s ]
INFO: [ view_filter ] --START--
INFO: Run ContentReplace Behavior [ RunTime:0.000233s ]
INFO: Run TokenBuild Behavior [ RunTime:0.000284s ]
INFO: Run WriteHtmlCache Behavior [ RunTime:0.000137s ]
INFO: Run ShowRuntime Behavior [ RunTime:0.000287s ]
INFO: [ view_filter ] --END-- [ RunTime:0.001089s ]
INFO: [ view_end ] --START--
INFO: Run ShowPageTrace Behavior [ RunTime:0.000375s ]
INFO: [ view_end ] --END-- [ RunTime:0.000431s ]

[ 2013-04-03T21:37:52+08:00 ] 0.0.0.0 /~Civi/Payment/
INFO: [ app_begin ] --START--
INFO: Run ReadHtmlCache Behavior [ RunTime:0.000338s ]
INFO: [ app_begin ] --END-- [ RunTime:0.000421s ]
INFO: [ view_template ] --START--
INFO: Run LocationTemplate Behavior [ RunTime:0.000146s ]
INFO: [ view_template ] --END-- [ RunTime:0.000193s ]
INFO: [ view_parse ] --START--
INFO: Run ParseTemplate Behavior [ RunTime:0.003267s ]
INFO: [ view_parse ] --END-- [ RunTime:0.003324s ]
INFO: [ view_filter ] --START--
INFO: Run ContentReplace Behavior [ RunTime:0.000161s ]
INFO: Run TokenBuild Behavior [ RunTime:0.000140s ]
INFO: Run WriteHtmlCache Behavior [ RunTime:0.000098s ]
INFO: Run ShowRuntime Behavior [ RunTime:0.000194s ]
INFO: [ view_filter ] --END-- [ RunTime:0.000694s ]
INFO: [ view_end ] --START--
INFO: Run ShowPageTrace Behavior [ RunTime:0.000232s ]
INFO: [ view_end ] --END-- [ RunTime:0.000263s ]

[ 2013-04-03T21:38:00+08:00 ] 0.0.0.0 /~Civi/Payment/
INFO: [ app_begin ] --START--
INFO: Run ReadHtmlCache Behavior [ RunTime:0.000323s ]
INFO: [ app_begin ] --END-- [ RunTime:0.000398s ]
INFO: [ view_template ] --START--
INFO: Run LocationTemplate Behavior [ RunTime:0.000199s ]
INFO: [ view_template ] --END-- [ RunTime:0.000253s ]
INFO: [ view_parse ] --START--
INFO: Run ParseTemplate Behavior [ RunTime:0.002800s ]
INFO: [ view_parse ] --END-- [ RunTime:0.002839s ]
INFO: [ view_filter ] --START--
INFO: Run ContentReplace Behavior [ RunTime:0.000130s ]
INFO: Run TokenBuild Behavior [ RunTime:0.000131s ]
INFO: Run WriteHtmlCache Behavior [ RunTime:0.000081s ]
INFO: Run ShowRuntime Behavior [ RunTime:0.000187s ]
INFO: [ view_filter ] --END-- [ RunTime:0.000611s ]
INFO: [ view_end ] --START--
INFO: Run ShowPageTrace Behavior [ RunTime:0.000244s ]
INFO: [ view_end ] --END-- [ RunTime:0.000274s ]

[ 2013-04-03T21:38:22+08:00 ] 0.0.0.0 /~Civi/Payment/
INFO: [ app_begin ] --START--
INFO: Run ReadHtmlCache Behavior [ RunTime:0.000235s ]
INFO: [ app_begin ] --END-- [ RunTime:0.000284s ]
INFO: [ view_template ] --START--
INFO: Run LocationTemplate Behavior [ RunTime:0.000182s ]
INFO: [ view_template ] --END-- [ RunTime:0.000238s ]
INFO: [ view_parse ] --START--
INFO: Run ParseTemplate Behavior [ RunTime:0.002864s ]
INFO: [ view_parse ] --END-- [ RunTime:0.002906s ]
INFO: [ view_filter ] --START--
INFO: Run ContentReplace Behavior [ RunTime:0.000158s ]
INFO: Run TokenBuild Behavior [ RunTime:0.000136s ]
INFO: Run WriteHtmlCache Behavior [ RunTime:0.000082s ]
INFO: Run ShowRuntime Behavior [ RunTime:0.000164s ]
INFO: [ view_filter ] --END-- [ RunTime:0.000635s ]
INFO: [ view_end ] --START--
INFO: Run ShowPageTrace Behavior [ RunTime:0.000240s ]
INFO: [ view_end ] --END-- [ RunTime:0.000268s ]

[ 2013-04-03T21:38:23+08:00 ] 0.0.0.0 /~Civi/Payment/
INFO: [ app_begin ] --START--
INFO: Run ReadHtmlCache Behavior [ RunTime:0.000317s ]
INFO: [ app_begin ] --END-- [ RunTime:0.000382s ]
INFO: [ view_template ] --START--
INFO: Run LocationTemplate Behavior [ RunTime:0.000124s ]
INFO: [ view_template ] --END-- [ RunTime:0.000160s ]
INFO: [ view_parse ] --START--
INFO: Run ParseTemplate Behavior [ RunTime:0.002977s ]
INFO: [ view_parse ] --END-- [ RunTime:0.003040s ]
INFO: [ view_filter ] --START--
INFO: Run ContentReplace Behavior [ RunTime:0.000179s ]
INFO: Run TokenBuild Behavior [ RunTime:0.000140s ]
INFO: Run WriteHtmlCache Behavior [ RunTime:0.000085s ]
INFO: Run ShowRuntime Behavior [ RunTime:0.000173s ]
INFO: [ view_filter ] --END-- [ RunTime:0.000675s ]
INFO: [ view_end ] --START--
INFO: Run ShowPageTrace Behavior [ RunTime:0.000229s ]
INFO: [ view_end ] --END-- [ RunTime:0.000307s ]

[ 2013-04-03T21:38:39+08:00 ] 0.0.0.0 /~Civi/Payment/
INFO: [ app_begin ] --START--
INFO: Run ReadHtmlCache Behavior [ RunTime:0.000339s ]
INFO: [ app_begin ] --END-- [ RunTime:0.000416s ]
INFO: [ view_template ] --START--
INFO: Run LocationTemplate Behavior [ RunTime:0.000198s ]
INFO: [ view_template ] --END-- [ RunTime:0.000258s ]
INFO: [ view_parse ] --START--
INFO: Run ParseTemplate Behavior [ RunTime:0.004251s ]
INFO: [ view_parse ] --END-- [ RunTime:0.004333s ]
INFO: [ view_filter ] --START--
INFO: Run ContentReplace Behavior [ RunTime:0.000230s ]
INFO: Run TokenBuild Behavior [ RunTime:0.000157s ]
INFO: Run WriteHtmlCache Behavior [ RunTime:0.000125s ]
INFO: Run ShowRuntime Behavior [ RunTime:0.000301s ]
INFO: [ view_filter ] --END-- [ RunTime:0.000947s ]
INFO: [ view_end ] --START--
INFO: Run ShowPageTrace Behavior [ RunTime:0.000377s ]
INFO: [ view_end ] --END-- [ RunTime:0.000429s ]

[ 2013-04-03T21:40:09+08:00 ] 0.0.0.0 /~Civi/Payment/
INFO: [ app_begin ] --START--
INFO: Run ReadHtmlCache Behavior [ RunTime:0.000215s ]
INFO: [ app_begin ] --END-- [ RunTime:0.000264s ]
INFO: [ view_template ] --START--
INFO: Run LocationTemplate Behavior [ RunTime:0.000118s ]
INFO: [ view_template ] --END-- [ RunTime:0.000153s ]
INFO: [ view_parse ] --START--
INFO: Run ParseTemplate Behavior [ RunTime:0.003636s ]
INFO: [ view_parse ] --END-- [ RunTime:0.003679s ]
INFO: [ view_filter ] --START--
INFO: Run ContentReplace Behavior [ RunTime:0.000175s ]
INFO: Run TokenBuild Behavior [ RunTime:0.000143s ]
INFO: Run WriteHtmlCache Behavior [ RunTime:0.000092s ]
INFO: Run ShowRuntime Behavior [ RunTime:0.000176s ]
INFO: [ view_filter ] --END-- [ RunTime:0.000679s ]
INFO: [ view_end ] --START--
INFO: Run ShowPageTrace Behavior [ RunTime:0.000219s ]
INFO: [ view_end ] --END-- [ RunTime:0.000247s ]

[ 2013-04-03T21:40:18+08:00 ] 0.0.0.0 /~Civi/Payment/
INFO: [ app_begin ] --START--
INFO: Run ReadHtmlCache Behavior [ RunTime:0.000238s ]
INFO: [ app_begin ] --END-- [ RunTime:0.000300s ]
INFO: [ view_template ] --START--
INFO: Run LocationTemplate Behavior [ RunTime:0.000165s ]
INFO: [ view_template ] --END-- [ RunTime:0.000205s ]
INFO: [ view_parse ] --START--
INFO: Run ParseTemplate Behavior [ RunTime:0.002864s ]
INFO: [ view_parse ] --END-- [ RunTime:0.002912s ]
INFO: [ view_filter ] --START--
INFO: Run ContentReplace Behavior [ RunTime:0.000146s ]
INFO: Run TokenBuild Behavior [ RunTime:0.000136s ]
INFO: Run WriteHtmlCache Behavior [ RunTime:0.000098s ]
INFO: Run ShowRuntime Behavior [ RunTime:0.000174s ]
INFO: [ view_filter ] --END-- [ RunTime:0.000643s ]
INFO: [ view_end ] --START--
INFO: Run ShowPageTrace Behavior [ RunTime:0.000258s ]
INFO: [ view_end ] --END-- [ RunTime:0.000288s ]

[ 2013-04-03T21:40:36+08:00 ] 0.0.0.0 /~Civi/Payment/
INFO: [ app_begin ] --START--
INFO: Run ReadHtmlCache Behavior [ RunTime:0.000494s ]
INFO: [ app_begin ] --END-- [ RunTime:0.000564s ]
INFO: [ view_template ] --START--
INFO: Run LocationTemplate Behavior [ RunTime:0.000195s ]
INFO: [ view_template ] --END-- [ RunTime:0.000253s ]
INFO: [ view_parse ] --START--
INFO: Run ParseTemplate Behavior [ RunTime:0.004067s ]
INFO: [ view_parse ] --END-- [ RunTime:0.004123s ]
INFO: [ view_filter ] --START--
INFO: Run ContentReplace Behavior [ RunTime:0.000163s ]
INFO: Run TokenBuild Behavior [ RunTime:0.000145s ]
INFO: Run WriteHtmlCache Behavior [ RunTime:0.000090s ]
INFO: Run ShowRuntime Behavior [ RunTime:0.000209s ]
INFO: [ view_filter ] --END-- [ RunTime:0.000703s ]
INFO: [ view_end ] --START--
INFO: Run ShowPageTrace Behavior [ RunTime:0.000237s ]
INFO: [ view_end ] --END-- [ RunTime:0.000269s ]

